Using pre-set license
Built from '2020.3/staging' branch; Version is '2020.3.8f1 (507919d4fff5) revision 5273881'; Using compiler version '192528614'; Build Type 'Release'
OS: 'Windows 10 Home; OS build 19042.985; Version 2009; 64bit' Language: 'ko' Physical Memory: 32706 MB
BatchMode: 1, IsHumanControllingUs: 0, StartBugReporterOnCrash: 0, Is64bit: 1, IsPro: 0

 COMMAND LINE ARGUMENTS:
C:\Program Files\Unity\Hub\Editor\2020.3.8f1\Editor\Unity.exe
-adb2
-batchMode
-noUpm
-name
AssetImportWorker0
-projectPath
C:/Users/user/Desktop/workspace/Unity/git/OQ2/OQ2_RayInteraction_01
-logFile
Logs/AssetImportWorker0.log
-srvPort
8748
Successfully changed project path to: C:/Users/user/Desktop/workspace/Unity/git/OQ2/OQ2_RayInteraction_01
C:/Users/user/Desktop/workspace/Unity/git/OQ2/OQ2_RayInteraction_01
Using Asset Import Pipeline V2.
Refreshing native plugins compatible for Editor in 53.74 ms, found 4 plugins.
Preloading 1 native plugins for Editor in 1.06 ms.
Initialize engine version: 2020.3.8f1 (507919d4fff5)
[Subsystems] Discovering subsystems at path C:/Program Files/Unity/Hub/Editor/2020.3.8f1/Editor/Data/Resources/UnitySubsystems
[Subsystems] Discovering subsystems at path C:/Users/user/Desktop/workspace/Unity/git/OQ2/OQ2_RayInteraction_01/Assets
GfxDevice: creating device client; threaded=0
Direct3D:
    Version:  Direct3D 11.0 [level 11.1]
    Renderer: Radeon RX 5500 XT (ID=0x7340)
    Vendor:   
    VRAM:     8152 MB
    Driver:   27.20.14501.18003
Shader 'Oculus/OVRMRCameraFrameLit': fallback shader 'Alpha-Diffuse' not found
Initialize mono
Mono path[0] = 'C:/Program Files/Unity/Hub/Editor/2020.3.8f1/Editor/Data/Managed'
Mono path[1] = 'C:/Program Files/Unity/Hub/Editor/2020.3.8f1/Editor/Data/MonoBleedingEdge/lib/mono/unityjit'
Mono config path = 'C:/Program Files/Unity/Hub/Editor/2020.3.8f1/Editor/Data/MonoBleedingEdge/etc'
Using monoOptions --debugger-agent=transport=dt_socket,embedding=1,server=y,suspend=n,address=127.0.0.1:56564
Begin MonoManager ReloadAssembly
Registering precompiled unity dll's ...
Register platform support module: C:/Program Files/Unity/Hub/Editor/2020.3.8f1/Editor/Data/PlaybackEngines/WindowsStandaloneSupport/UnityEditor.WindowsStandalone.Extensions.dll
Registered in 0.002420 seconds.
Native extension for WindowsStandalone target not found
Refreshing native plugins compatible for Editor in 45.58 ms, found 4 plugins.
Preloading 1 native plugins for Editor in 0.07 ms.
Mono: successfully reloaded assembly
- Completed reload, in  1.640 seconds
Platform modules already initialized, skipping
Registering precompiled user dll's ...
Registered in 0.003420 seconds.
Begin MonoManager ReloadAssembly
Native extension for WindowsStandalone target not found
Refreshing native plugins compatible for Editor in 0.67 ms, found 4 plugins.
Preloading 1 native plugins for Editor in 0.10 ms.
[XR] OculusXRPlugin: registering subsystems
[XR] Unable to register display lifecyle provider: [1]
[XR] Oculus Input lifecycle provider registered.
[XR] Unable to register input lifecyle provider: [1]
[XR] OVRP version 1.60.0
Mono: successfully reloaded assembly
- Completed reload, in  0.782 seconds
Platform modules already initialized, skipping
========================================================================
Worker process is ready to serve import requests
Shader 'Oculus/OVRMRCameraFrameLit': fallback shader 'Alpha-Diffuse' not found
Launched and connected shader compiler UnityShaderCompiler.exe after 0.05 seconds
Refreshing native plugins compatible for Editor in 0.52 ms, found 4 plugins.
Preloading 1 native plugins for Editor in 0.07 ms.
Unloading 1772 Unused Serialized files (Serialized files now loaded: 0)
System memory in use before: 89.9 MB.
System memory in use after: 90.0 MB.

Unloading 35 unused Assets to reduce memory usage. Loaded Objects now: 2198.
Total: 1.793000 ms (FindLiveObjects: 0.292300 ms CreateObjectMapping: 0.120800 ms MarkObjects: 1.299000 ms  DeleteObjects: 0.080200 ms)

========================================================================
Received Import Request.
  path: Assets/OVRInputSelection/InputSystem/OVRPhysicsRaycaster.cs
  artifactKey: Guid(8a8570f210d5cef498074d4fe90d403f) Importer(815301076,1909f56bfc062723c751e8b465ee728b)
Start importing Assets/OVRInputSelection/InputSystem/OVRPhysicsRaycaster.cs using Guid(8a8570f210d5cef498074d4fe90d403f) Importer(815301076,1909f56bfc062723c751e8b465ee728b)  -> (artifact id: 'ec4977d7680c9ecba9920c018a84d4f1') in 0.020454 seconds
  Import took 0.022957 seconds .

========================================================================
Received Import Request.
  Time since last request: 0.000180 seconds.
  path: Assets/OVRInputSelection/InputSystem/OVRPointerVisualizer.cs
  artifactKey: Guid(12283131fa5724f44b343883ae474072) Importer(815301076,1909f56bfc062723c751e8b465ee728b)
Start importing Assets/OVRInputSelection/InputSystem/OVRPointerVisualizer.cs using Guid(12283131fa5724f44b343883ae474072) Importer(815301076,1909f56bfc062723c751e8b465ee728b)  -> (artifact id: '33b38b4ae605e6265ed5f0796a6b68ff') in 0.002602 seconds
  Import took 0.004743 seconds .

========================================================================
Received Prepare
Registering precompiled user dll's ...
Registered in 0.003952 seconds.
Begin MonoManager ReloadAssembly
Native extension for WindowsStandalone target not found
Refreshing native plugins compatible for Editor in 0.53 ms, found 4 plugins.
Preloading 1 native plugins for Editor in 0.07 ms.
Mono: successfully reloaded assembly
- Completed reload, in  0.718 seconds
Platform modules already initialized, skipping
Switching build target platform(5) subTarget(0) extendedPlatform(0) -> platform(13) subTarget(524288) extendedPlatform(0)
Shader 'Oculus/OVRMRCameraFrameLit': fallback shader 'Alpha-Diffuse' not found
Refreshing native plugins compatible for Editor in 0.52 ms, found 4 plugins.
Preloading 1 native plugins for Editor in 0.08 ms.
Unloading 1713 Unused Serialized files (Serialized files now loaded: 0)
System memory in use before: 84.1 MB.
System memory in use after: 84.1 MB.

Unloading 30 unused Assets to reduce memory usage. Loaded Objects now: 2202.
Total: 1.736600 ms (FindLiveObjects: 0.152400 ms CreateObjectMapping: 0.108500 ms MarkObjects: 1.429700 ms  DeleteObjects: 0.044900 ms)

AssetImportParameters requested are different than current active one (requested -> active):
  custom:graphics/normal-map-encoding: 01000000000000000000000000000000 -> 02000000000000000000000000000000
========================================================================
Received Import Request.
  Time since last request: 1370.062035 seconds.
  path: Assets/OVRInputSelection/Scripts/RawInteraction.cs
  artifactKey: Guid(43034b73b1ab62b409e7c11bfffd57ef) Importer(815301076,1909f56bfc062723c751e8b465ee728b)
Start importing Assets/OVRInputSelection/Scripts/RawInteraction.cs using Guid(43034b73b1ab62b409e7c11bfffd57ef) Importer(815301076,1909f56bfc062723c751e8b465ee728b)  -> (artifact id: 'fe3a5791c652ca6d9972f0f76dee64c5') in 0.006868 seconds
  Import took 0.009795 seconds .

========================================================================
Received Import Request.
  Time since last request: 0.276716 seconds.
  path: Assets/OVRInputSelection/Scripts/UIInteraction.cs
  artifactKey: Guid(7a42657cd72591c449cf96836acc166c) Importer(815301076,1909f56bfc062723c751e8b465ee728b)
Start importing Assets/OVRInputSelection/Scripts/UIInteraction.cs using Guid(7a42657cd72591c449cf96836acc166c) Importer(815301076,1909f56bfc062723c751e8b465ee728b)  -> (artifact id: '1f9e85676da07543875a07e5d5a787b1') in 0.003753 seconds
  Import took 0.006413 seconds .

========================================================================
Received Import Request.
  Time since last request: 3531.976188 seconds.
  path: Assets/OVRInputSelection/Scripts/PhysicsInteraction.cs
  artifactKey: Guid(1189ca8b34bccff47bad0a297bd32791) Importer(815301076,1909f56bfc062723c751e8b465ee728b)
Start importing Assets/OVRInputSelection/Scripts/PhysicsInteraction.cs using Guid(1189ca8b34bccff47bad0a297bd32791) Importer(815301076,1909f56bfc062723c751e8b465ee728b)  -> (artifact id: '603cdb68b6d6d5ebc5ee865e6e1b9646') in 0.004550 seconds
  Import took 0.009328 seconds .

========================================================================
Received Import Request.
  Time since last request: 0.000709 seconds.
  path: Assets/OVRInputSelection/Scripts/PhysicsInteraction.cs
  artifactKey: Guid(1189ca8b34bccff47bad0a297bd32791) Importer(815301076,1909f56bfc062723c751e8b465ee728b)
Start importing Assets/OVRInputSelection/Scripts/PhysicsInteraction.cs using Guid(1189ca8b34bccff47bad0a297bd32791) Importer(815301076,1909f56bfc062723c751e8b465ee728b)  -> (artifact id: '603cdb68b6d6d5ebc5ee865e6e1b9646') in 0.002871 seconds
  Import took 0.004948 seconds .

========================================================================
Received Prepare
Registering precompiled user dll's ...
Registered in 0.020926 seconds.
Begin MonoManager ReloadAssembly
Native extension for WindowsStandalone target not found
Refreshing native plugins compatible for Editor in 0.55 ms, found 4 plugins.
Preloading 1 native plugins for Editor in 0.10 ms.
Mono: successfully reloaded assembly
- Completed reload, in  0.791 seconds
Platform modules already initialized, skipping
Switching build target platform(5) subTarget(0) extendedPlatform(0) -> platform(13) subTarget(524288) extendedPlatform(0)
Shader 'Oculus/OVRMRCameraFrameLit': fallback shader 'Alpha-Diffuse' not found
Refreshing native plugins compatible for Editor in 0.54 ms, found 4 plugins.
Preloading 1 native plugins for Editor in 0.08 ms.
Unloading 1713 Unused Serialized files (Serialized files now loaded: 0)
System memory in use before: 84.1 MB.
System memory in use after: 84.2 MB.

Unloading 30 unused Assets to reduce memory usage. Loaded Objects now: 2206.
Total: 1.800900 ms (FindLiveObjects: 0.248000 ms CreateObjectMapping: 0.069500 ms MarkObjects: 1.422900 ms  DeleteObjects: 0.059500 ms)

AssetImportParameters requested are different than current active one (requested -> active):
  custom:graphics/normal-map-encoding: 01000000000000000000000000000000 -> 02000000000000000000000000000000
========================================================================
Received Prepare
Shader 'Oculus/OVRMRCameraFrameLit': fallback shader 'Alpha-Diffuse' not found
Refreshing native plugins compatible for Editor in 12.07 ms, found 4 plugins.
Preloading 1 native plugins for Editor in 0.07 ms.
Unloading 27 Unused Serialized files (Serialized files now loaded: 0)
System memory in use before: 51.7 MB.
System memory in use after: 51.8 MB.

Unloading 27 unused Assets to reduce memory usage. Loaded Objects now: 2206.
Total: 1.908900 ms (FindLiveObjects: 0.159600 ms CreateObjectMapping: 0.052500 ms MarkObjects: 1.641300 ms  DeleteObjects: 0.054700 ms)

========================================================================
Received Prepare
Shader 'Oculus/OVRMRCameraFrameLit': fallback shader 'Alpha-Diffuse' not found
Refreshing native plugins compatible for Editor in 11.83 ms, found 4 plugins.
Preloading 1 native plugins for Editor in 0.08 ms.
Unloading 27 Unused Serialized files (Serialized files now loaded: 0)
System memory in use before: 51.7 MB.
System memory in use after: 51.8 MB.

Unloading 27 unused Assets to reduce memory usage. Loaded Objects now: 2206.
Total: 1.701800 ms (FindLiveObjects: 0.185600 ms CreateObjectMapping: 0.063900 ms MarkObjects: 1.390800 ms  DeleteObjects: 0.060600 ms)

========================================================================
Received Prepare
Shader 'Oculus/OVRMRCameraFrameLit': fallback shader 'Alpha-Diffuse' not found
Refreshing native plugins compatible for Editor in 10.42 ms, found 4 plugins.
Preloading 1 native plugins for Editor in 0.07 ms.
Unloading 27 Unused Serialized files (Serialized files now loaded: 0)
System memory in use before: 51.7 MB.
System memory in use after: 51.8 MB.

Unloading 27 unused Assets to reduce memory usage. Loaded Objects now: 2206.
Total: 1.725700 ms (FindLiveObjects: 0.148200 ms CreateObjectMapping: 0.049600 ms MarkObjects: 1.475300 ms  DeleteObjects: 0.051800 ms)

========================================================================
Received Import Request.
  Time since last request: 13631.513227 seconds.
  path: Assets/OVRInputSelection/InputSystem
  artifactKey: Guid(61fefe887c158a84c83241161d580e9b) Importer(815301076,1909f56bfc062723c751e8b465ee728b)
Start importing Assets/OVRInputSelection/InputSystem using Guid(61fefe887c158a84c83241161d580e9b) Importer(815301076,1909f56bfc062723c751e8b465ee728b)  -> (artifact id: '0f0d8cb2a7e41be029e7d369283e4afa') in 0.005004 seconds
  Import took 0.008178 seconds .

========================================================================
Received Import Request.
  Time since last request: 2.123077 seconds.
  path: Assets/OVRInputSelection/InputSystem/OVRInputModule.cs
  artifactKey: Guid(b4a9c50de96f6d04386957f4741ac65c) Importer(815301076,1909f56bfc062723c751e8b465ee728b)
Start importing Assets/OVRInputSelection/InputSystem/OVRInputModule.cs using Guid(b4a9c50de96f6d04386957f4741ac65c) Importer(815301076,1909f56bfc062723c751e8b465ee728b)  -> (artifact id: 'af2ea34ff76df7e41d1c86be3356f0fd') in 0.003089 seconds
  Import took 0.005276 seconds .

========================================================================
Received Import Request.
  Time since last request: 0.003496 seconds.
  path: Assets/OVRInputSelection/InputSystem/OVRInputModule.cs
  artifactKey: Guid(b4a9c50de96f6d04386957f4741ac65c) Importer(815301076,1909f56bfc062723c751e8b465ee728b)
Start importing Assets/OVRInputSelection/InputSystem/OVRInputModule.cs using Guid(b4a9c50de96f6d04386957f4741ac65c) Importer(815301076,1909f56bfc062723c751e8b465ee728b)  -> (artifact id: 'af2ea34ff76df7e41d1c86be3356f0fd') in 0.002884 seconds
  Import took 0.005016 seconds .

========================================================================
Received Import Request.
  Time since last request: 0.732603 seconds.
  path: Assets/OVRInputSelection/InputSystem/OVRInputHelpers.cs
  artifactKey: Guid(5d6a2606856ae4982b2ac4e50f32f93f) Importer(815301076,1909f56bfc062723c751e8b465ee728b)
Start importing Assets/OVRInputSelection/InputSystem/OVRInputHelpers.cs using Guid(5d6a2606856ae4982b2ac4e50f32f93f) Importer(815301076,1909f56bfc062723c751e8b465ee728b)  -> (artifact id: 'a975082b0f320e152adf39b1fc1a8029') in 0.003258 seconds
  Import took 0.005863 seconds .

========================================================================
Received Import Request.
  Time since last request: 9.608795 seconds.
  path: Assets/OVRInputSelection/Scripts
  artifactKey: Guid(cdd2cba39f9447040bb366fbf3b0bb1e) Importer(815301076,1909f56bfc062723c751e8b465ee728b)
Start importing Assets/OVRInputSelection/Scripts using Guid(cdd2cba39f9447040bb366fbf3b0bb1e) Importer(815301076,1909f56bfc062723c751e8b465ee728b)  -> (artifact id: '48a0a50c7b5a270b808d61ecea71134a') in 0.003380 seconds
  Import took 0.005542 seconds .

========================================================================
Received Import Request.
  Time since last request: 2.809483 seconds.
  path: Assets/OVRInputSelection/Scripts/BackButtonLogic.cs
  artifactKey: Guid(c52963611592b1f4e850fc927ddad8c7) Importer(815301076,1909f56bfc062723c751e8b465ee728b)
Start importing Assets/OVRInputSelection/Scripts/BackButtonLogic.cs using Guid(c52963611592b1f4e850fc927ddad8c7) Importer(815301076,1909f56bfc062723c751e8b465ee728b)  -> (artifact id: '35e4ba0ad2e9cb66b08d1a4569472d92') in 0.003094 seconds
  Import took 0.005592 seconds .

========================================================================
Received Import Request.
  Time since last request: 0.858091 seconds.
  path: Assets/OVRInputSelection/Scripts/MainMenuInteraction.cs
  artifactKey: Guid(8d0b8b3fa3583fa479057753e1cfa754) Importer(815301076,1909f56bfc062723c751e8b465ee728b)
Start importing Assets/OVRInputSelection/Scripts/MainMenuInteraction.cs using Guid(8d0b8b3fa3583fa479057753e1cfa754) Importer(815301076,1909f56bfc062723c751e8b465ee728b)  -> (artifact id: '13013810064e4b00eed1cc921066d79a') in 0.003524 seconds
  Import took 0.006006 seconds .

========================================================================
Received Import Request.
  Time since last request: 42.825476 seconds.
  path: Assets/Scenes/InGame.unity
  artifactKey: Guid(9fc0d4010bbf28b4594072e72b8655ab) Importer(815301076,1909f56bfc062723c751e8b465ee728b)
Start importing Assets/Scenes/InGame.unity using Guid(9fc0d4010bbf28b4594072e72b8655ab) Importer(815301076,1909f56bfc062723c751e8b465ee728b)  -> (artifact id: '7b0a7ff15e6de9869e1f0435b5a93a2f') in 0.010849 seconds
  Import took 0.013192 seconds .

========================================================================
Received Prepare
Shader 'Oculus/OVRMRCameraFrameLit': fallback shader 'Alpha-Diffuse' not found
Refreshing native plugins compatible for Editor in 9.92 ms, found 4 plugins.
Preloading 1 native plugins for Editor in 0.07 ms.
Unloading 27 Unused Serialized files (Serialized files now loaded: 0)
System memory in use before: 51.8 MB.
System memory in use after: 51.8 MB.

Unloading 27 unused Assets to reduce memory usage. Loaded Objects now: 2206.
Total: 2.216300 ms (FindLiveObjects: 0.172600 ms CreateObjectMapping: 0.047100 ms MarkObjects: 1.942600 ms  DeleteObjects: 0.053400 ms)

========================================================================
Received Prepare
Shader 'Oculus/OVRMRCameraFrameLit': fallback shader 'Alpha-Diffuse' not found
Refreshing native plugins compatible for Editor in 10.26 ms, found 4 plugins.
Preloading 1 native plugins for Editor in 0.08 ms.
Unloading 27 Unused Serialized files (Serialized files now loaded: 0)
System memory in use before: 51.8 MB.
System memory in use after: 51.8 MB.

Unloading 27 unused Assets to reduce memory usage. Loaded Objects now: 2206.
Total: 2.185700 ms (FindLiveObjects: 0.166500 ms CreateObjectMapping: 0.050100 ms MarkObjects: 1.912900 ms  DeleteObjects: 0.055400 ms)

AssetImportWorkerClient::OnTransportError - code=2 error=End of file
