Using pre-set license
Built from '2020.3/staging' branch; Version is '2020.3.8f1 (507919d4fff5) revision 5273881'; Using compiler version '192528614'; Build Type 'Release'
OS: 'Windows 10 Home; OS build 19042.985; Version 2009; 64bit' Language: 'ko' Physical Memory: 32706 MB
BatchMode: 1, IsHumanControllingUs: 0, StartBugReporterOnCrash: 0, Is64bit: 1, IsPro: 0

 COMMAND LINE ARGUMENTS:
C:\Program Files\Unity\Hub\Editor\2020.3.8f1\Editor\Unity.exe
-adb2
-batchMode
-noUpm
-name
AssetImportWorker0
-projectPath
C:/Users/user/Desktop/workspace/Unity/git/OQ2/OQ2_RayInteraction_01
-logFile
Logs/AssetImportWorker0.log
-srvPort
14321
Successfully changed project path to: C:/Users/user/Desktop/workspace/Unity/git/OQ2/OQ2_RayInteraction_01
C:/Users/user/Desktop/workspace/Unity/git/OQ2/OQ2_RayInteraction_01
Using Asset Import Pipeline V2.
Refreshing native plugins compatible for Editor in 59.99 ms, found 4 plugins.
Preloading 1 native plugins for Editor in 0.88 ms.
Initialize engine version: 2020.3.8f1 (507919d4fff5)
[Subsystems] Discovering subsystems at path C:/Program Files/Unity/Hub/Editor/2020.3.8f1/Editor/Data/Resources/UnitySubsystems
[Subsystems] Discovering subsystems at path C:/Users/user/Desktop/workspace/Unity/git/OQ2/OQ2_RayInteraction_01/Assets
GfxDevice: creating device client; threaded=0
Direct3D:
    Version:  Direct3D 11.0 [level 11.1]
    Renderer: Radeon RX 5500 XT (ID=0x7340)
    Vendor:   
    VRAM:     8152 MB
    Driver:   27.20.14501.18003
Shader 'Oculus/OVRMRCameraFrameLit': fallback shader 'Alpha-Diffuse' not found
Initialize mono
Mono path[0] = 'C:/Program Files/Unity/Hub/Editor/2020.3.8f1/Editor/Data/Managed'
Mono path[1] = 'C:/Program Files/Unity/Hub/Editor/2020.3.8f1/Editor/Data/MonoBleedingEdge/lib/mono/unityjit'
Mono config path = 'C:/Program Files/Unity/Hub/Editor/2020.3.8f1/Editor/Data/MonoBleedingEdge/etc'
Using monoOptions --debugger-agent=transport=dt_socket,embedding=1,server=y,suspend=n,address=127.0.0.1:56596
Begin MonoManager ReloadAssembly
Registering precompiled unity dll's ...
Register platform support module: C:/Program Files/Unity/Hub/Editor/2020.3.8f1/Editor/Data/PlaybackEngines/WindowsStandaloneSupport/UnityEditor.WindowsStandalone.Extensions.dll
Registered in 0.002768 seconds.
Native extension for WindowsStandalone target not found
Refreshing native plugins compatible for Editor in 37.63 ms, found 4 plugins.
Preloading 1 native plugins for Editor in 0.07 ms.
Mono: successfully reloaded assembly
- Completed reload, in  1.682 seconds
Platform modules already initialized, skipping
Registering precompiled user dll's ...
Registered in 0.003513 seconds.
Begin MonoManager ReloadAssembly
Native extension for WindowsStandalone target not found
Refreshing native plugins compatible for Editor in 0.52 ms, found 4 plugins.
Preloading 1 native plugins for Editor in 0.07 ms.
[XR] OculusXRPlugin: registering subsystems
[XR] Unable to register display lifecyle provider: [1]
[XR] Oculus Input lifecycle provider registered.
[XR] Unable to register input lifecyle provider: [1]
[XR] OVRP version 1.60.0
Mono: successfully reloaded assembly
- Completed reload, in  0.759 seconds
Platform modules already initialized, skipping
========================================================================
Worker process is ready to serve import requests
Shader 'Oculus/OVRMRCameraFrameLit': fallback shader 'Alpha-Diffuse' not found
Launched and connected shader compiler UnityShaderCompiler.exe after 0.04 seconds
Refreshing native plugins compatible for Editor in 0.50 ms, found 4 plugins.
Preloading 1 native plugins for Editor in 0.07 ms.
Unloading 1772 Unused Serialized files (Serialized files now loaded: 0)
System memory in use before: 89.9 MB.
System memory in use after: 90.0 MB.

Unloading 35 unused Assets to reduce memory usage. Loaded Objects now: 2198.
Total: 1.806100 ms (FindLiveObjects: 0.245600 ms CreateObjectMapping: 0.092700 ms MarkObjects: 1.382700 ms  DeleteObjects: 0.084400 ms)

========================================================================
Received Import Request.
  path: Assets/Resources
  artifactKey: Guid(fc20c2f4584271d4aba5ee45f3b2488a) Importer(815301076,1909f56bfc062723c751e8b465ee728b)
Start importing Assets/Resources using Guid(fc20c2f4584271d4aba5ee45f3b2488a) Importer(815301076,1909f56bfc062723c751e8b465ee728b)  -> (artifact id: 'e04fd298694eafdd35ab292b752d3478') in 0.004928 seconds
  Import took 0.007517 seconds .

========================================================================
Received Import Request.
  Time since last request: 5.719085 seconds.
  path: Assets/OVRInputSelection/Scenes/selection_all.unity
  artifactKey: Guid(96e237f36213c0f45aa364963e1977cf) Importer(815301076,1909f56bfc062723c751e8b465ee728b)
Start importing Assets/OVRInputSelection/Scenes/selection_all.unity using Guid(96e237f36213c0f45aa364963e1977cf) Importer(815301076,1909f56bfc062723c751e8b465ee728b)  -> (artifact id: 'dcd9fbf4327575382d4dee21003e3da2') in 0.007724 seconds
  Import took 0.010534 seconds .

AssetImportWorkerClient::OnTransportError - code=2 error=End of file
