Using pre-set license
Built from '2020.3/staging' branch; Version is '2020.3.8f1 (507919d4fff5) revision 5273881'; Using compiler version '192528614'; Build Type 'Release'
OS: 'Windows 10 Home; OS build 19043.985; Version 2009; 64bit' Language: 'ko' Physical Memory: 32706 MB
BatchMode: 1, IsHumanControllingUs: 0, StartBugReporterOnCrash: 0, Is64bit: 1, IsPro: 0

 COMMAND LINE ARGUMENTS:
C:\Program Files\Unity\Hub\Editor\2020.3.8f1\Editor\Unity.exe
-adb2
-batchMode
-noUpm
-name
AssetImportWorker0
-projectPath
C:/Users/user/Desktop/workspace/Unity/git/OQ2/OQ2_RayInteraction_03
-logFile
Logs/AssetImportWorker0.log
-srvPort
4992
Successfully changed project path to: C:/Users/user/Desktop/workspace/Unity/git/OQ2/OQ2_RayInteraction_03
C:/Users/user/Desktop/workspace/Unity/git/OQ2/OQ2_RayInteraction_03
Using Asset Import Pipeline V2.
Refreshing native plugins compatible for Editor in 50.67 ms, found 4 plugins.
Preloading 1 native plugins for Editor in 0.89 ms.
Initialize engine version: 2020.3.8f1 (507919d4fff5)
[Subsystems] Discovering subsystems at path C:/Program Files/Unity/Hub/Editor/2020.3.8f1/Editor/Data/Resources/UnitySubsystems
[Subsystems] Discovering subsystems at path C:/Users/user/Desktop/workspace/Unity/git/OQ2/OQ2_RayInteraction_03/Assets
GfxDevice: creating device client; threaded=0
Direct3D:
    Version:  Direct3D 11.0 [level 11.1]
    Renderer: Radeon RX 5500 XT (ID=0x7340)
    Vendor:   
    VRAM:     8152 MB
    Driver:   27.20.14501.18003
Shader 'Oculus/OVRMRCameraFrameLit': fallback shader 'Alpha-Diffuse' not found
Initialize mono
Mono path[0] = 'C:/Program Files/Unity/Hub/Editor/2020.3.8f1/Editor/Data/Managed'
Mono path[1] = 'C:/Program Files/Unity/Hub/Editor/2020.3.8f1/Editor/Data/MonoBleedingEdge/lib/mono/unityjit'
Mono config path = 'C:/Program Files/Unity/Hub/Editor/2020.3.8f1/Editor/Data/MonoBleedingEdge/etc'
Using monoOptions --debugger-agent=transport=dt_socket,embedding=1,server=y,suspend=n,address=127.0.0.1:56748
Begin MonoManager ReloadAssembly
Registering precompiled unity dll's ...
Register platform support module: C:/Program Files/Unity/Hub/Editor/2020.3.8f1/Editor/Data/PlaybackEngines/WindowsStandaloneSupport/UnityEditor.WindowsStandalone.Extensions.dll
Registered in 0.002449 seconds.
Native extension for WindowsStandalone target not found
Refreshing native plugins compatible for Editor in 37.60 ms, found 4 plugins.
Preloading 1 native plugins for Editor in 0.09 ms.
Mono: successfully reloaded assembly
- Completed reload, in  1.842 seconds
Platform modules already initialized, skipping
Registering precompiled user dll's ...
Registered in 0.003899 seconds.
Begin MonoManager ReloadAssembly
Native extension for WindowsStandalone target not found
Refreshing native plugins compatible for Editor in 0.52 ms, found 4 plugins.
Preloading 1 native plugins for Editor in 0.08 ms.
[XR] OculusXRPlugin: registering subsystems
[XR] Unable to register display lifecyle provider: [1]
[XR] Oculus Input lifecycle provider registered.
[XR] Unable to register input lifecyle provider: [1]
[XR] OVRP version 1.61.0
Mono: successfully reloaded assembly
- Completed reload, in  0.768 seconds
Platform modules already initialized, skipping
========================================================================
Worker process is ready to serve import requests
Shader 'Oculus/OVRMRCameraFrameLit': fallback shader 'Alpha-Diffuse' not found
Launched and connected shader compiler UnityShaderCompiler.exe after 0.04 seconds
Refreshing native plugins compatible for Editor in 0.51 ms, found 4 plugins.
Preloading 1 native plugins for Editor in 0.08 ms.
Unloading 1762 Unused Serialized files (Serialized files now loaded: 0)
System memory in use before: 89.2 MB.
System memory in use after: 89.2 MB.

Unloading 35 unused Assets to reduce memory usage. Loaded Objects now: 2185.
Total: 1.708700 ms (FindLiveObjects: 0.200800 ms CreateObjectMapping: 0.077700 ms MarkObjects: 1.348300 ms  DeleteObjects: 0.081100 ms)

========================================================================
Received Import Request.
  path: Assets/Scenes/TestScene.unity
  artifactKey: Guid(9fc0d4010bbf28b4594072e72b8655ab) Importer(815301076,1909f56bfc062723c751e8b465ee728b)
Start importing Assets/Scenes/TestScene.unity using Guid(9fc0d4010bbf28b4594072e72b8655ab) Importer(815301076,1909f56bfc062723c751e8b465ee728b)  -> (artifact id: '7413b4377e59d6f4dee44f718c0cd3b4') in 0.011156 seconds
  Import took 0.013543 seconds .

========================================================================
Received Prepare
Registering precompiled user dll's ...
Registered in 0.003592 seconds.
Begin MonoManager ReloadAssembly
Native extension for WindowsStandalone target not found
Refreshing native plugins compatible for Editor in 0.53 ms, found 4 plugins.
Preloading 1 native plugins for Editor in 0.08 ms.
Mono: successfully reloaded assembly
- Completed reload, in  0.782 seconds
Platform modules already initialized, skipping
Switching build target platform(5) subTarget(0) extendedPlatform(0) -> platform(13) subTarget(524288) extendedPlatform(0)
Shader 'Oculus/OVRMRCameraFrameLit': fallback shader 'Alpha-Diffuse' not found
Refreshing native plugins compatible for Editor in 0.91 ms, found 4 plugins.
Preloading 1 native plugins for Editor in 0.12 ms.
Unloading 1703 Unused Serialized files (Serialized files now loaded: 0)
System memory in use before: 83.3 MB.
System memory in use after: 83.4 MB.

Unloading 30 unused Assets to reduce memory usage. Loaded Objects now: 2189.
Total: 2.646800 ms (FindLiveObjects: 0.301400 ms CreateObjectMapping: 0.138100 ms MarkObjects: 2.131500 ms  DeleteObjects: 0.074200 ms)

AssetImportParameters requested are different than current active one (requested -> active):
  custom:graphics/normal-map-encoding: 01000000000000000000000000000000 -> 02000000000000000000000000000000
========================================================================
Received Import Request.
  Time since last request: 120.808776 seconds.
  path: Assets/Oculus/SampleFramework/Core/DebugUI/Scripts/LaserPointer.cs
  artifactKey: Guid(b558aa8ebb866bd4da56c536a7b4eb71) Importer(815301076,1909f56bfc062723c751e8b465ee728b)
Start importing Assets/Oculus/SampleFramework/Core/DebugUI/Scripts/LaserPointer.cs using Guid(b558aa8ebb866bd4da56c536a7b4eb71) Importer(815301076,1909f56bfc062723c751e8b465ee728b)  -> (artifact id: 'ded54200793096f9482196c6bc35afe3') in 0.019986 seconds
  Import took 0.022532 seconds .

========================================================================
Received Import Request.
  Time since last request: 0.000269 seconds.
  path: Assets/Oculus/SampleFramework/Core/DebugUI/Scripts/LaserPointer.cs
  artifactKey: Guid(b558aa8ebb866bd4da56c536a7b4eb71) Importer(815301076,1909f56bfc062723c751e8b465ee728b)
Start importing Assets/Oculus/SampleFramework/Core/DebugUI/Scripts/LaserPointer.cs using Guid(b558aa8ebb866bd4da56c536a7b4eb71) Importer(815301076,1909f56bfc062723c751e8b465ee728b)  -> (artifact id: 'ded54200793096f9482196c6bc35afe3') in 0.002946 seconds
  Import took 0.005170 seconds .

========================================================================
Received Prepare
Registering precompiled user dll's ...
Registered in 0.004329 seconds.
Begin MonoManager ReloadAssembly
Native extension for WindowsStandalone target not found
Refreshing native plugins compatible for Editor in 0.52 ms, found 4 plugins.
Preloading 1 native plugins for Editor in 0.08 ms.
Mono: successfully reloaded assembly
- Completed reload, in  0.746 seconds
Platform modules already initialized, skipping
Switching build target platform(5) subTarget(0) extendedPlatform(0) -> platform(13) subTarget(524288) extendedPlatform(0)
Shader 'Oculus/OVRMRCameraFrameLit': fallback shader 'Alpha-Diffuse' not found
Refreshing native plugins compatible for Editor in 0.52 ms, found 4 plugins.
Preloading 1 native plugins for Editor in 0.09 ms.
Unloading 1703 Unused Serialized files (Serialized files now loaded: 0)
System memory in use before: 83.4 MB.
System memory in use after: 83.5 MB.

Unloading 30 unused Assets to reduce memory usage. Loaded Objects now: 2193.
Total: 1.457500 ms (FindLiveObjects: 0.147300 ms CreateObjectMapping: 0.051600 ms MarkObjects: 1.215500 ms  DeleteObjects: 0.042300 ms)

AssetImportParameters requested are different than current active one (requested -> active):
  custom:graphics/normal-map-encoding: 01000000000000000000000000000000 -> 02000000000000000000000000000000
========================================================================
Received Import Request.
  Time since last request: 54.183974 seconds.
  path: Assets
  artifactKey: Guid(00000000000000001000000000000000) Importer(815301076,1909f56bfc062723c751e8b465ee728b)
Start importing Assets using Guid(00000000000000001000000000000000) Importer(815301076,1909f56bfc062723c751e8b465ee728b)  -> (artifact id: '42d402b061de3733987d63b9cc3b64de') in 0.005086 seconds
  Import took 0.007857 seconds .

========================================================================
Received Import Request.
  Time since last request: 4.187231 seconds.
  path: Assets/Scripts
  artifactKey: Guid(f17d5cb2d18e6e7409b81f0aa09898a8) Importer(815301076,1909f56bfc062723c751e8b465ee728b)
Start importing Assets/Scripts using Guid(f17d5cb2d18e6e7409b81f0aa09898a8) Importer(815301076,1909f56bfc062723c751e8b465ee728b)  -> (artifact id: '07ae829b2e4e30c115c9a6123be2bba1') in 0.004728 seconds
  Import took 0.007902 seconds .

========================================================================
Received Import Request.
  Time since last request: 16.042874 seconds.
  path: Assets/Scripts/CustomLaserPointer.cs
  artifactKey: Guid(403e0aaa7d58b4d49a83488001a8f0e4) Importer(815301076,1909f56bfc062723c751e8b465ee728b)
Start importing Assets/Scripts/CustomLaserPointer.cs using Guid(403e0aaa7d58b4d49a83488001a8f0e4) Importer(815301076,1909f56bfc062723c751e8b465ee728b)  -> (artifact id: 'd14cbadfb90a0c9da2e0ce38f8482b91') in 0.003576 seconds
  Import took 0.006038 seconds .

========================================================================
Received Prepare
Registering precompiled user dll's ...
Registered in 0.003699 seconds.
Begin MonoManager ReloadAssembly
Native extension for WindowsStandalone target not found
Refreshing native plugins compatible for Editor in 0.54 ms, found 4 plugins.
Preloading 1 native plugins for Editor in 0.08 ms.
Mono: successfully reloaded assembly
- Completed reload, in  0.808 seconds
Platform modules already initialized, skipping
Switching build target platform(5) subTarget(0) extendedPlatform(0) -> platform(13) subTarget(524288) extendedPlatform(0)
Shader 'Oculus/OVRMRCameraFrameLit': fallback shader 'Alpha-Diffuse' not found
Refreshing native plugins compatible for Editor in 0.54 ms, found 4 plugins.
Preloading 1 native plugins for Editor in 0.09 ms.
Unloading 1704 Unused Serialized files (Serialized files now loaded: 0)
System memory in use before: 83.4 MB.
System memory in use after: 83.5 MB.

Unloading 30 unused Assets to reduce memory usage. Loaded Objects now: 2198.
Total: 1.555000 ms (FindLiveObjects: 0.165900 ms CreateObjectMapping: 0.056100 ms MarkObjects: 1.282500 ms  DeleteObjects: 0.049700 ms)

AssetImportParameters requested are different than current active one (requested -> active):
  custom:graphics/normal-map-encoding: 01000000000000000000000000000000 -> 02000000000000000000000000000000
========================================================================
Received Import Request.
  Time since last request: 11.908374 seconds.
  path: Assets/Scripts/DetectLaserOnLayer.cs
  artifactKey: Guid(66dceaf29c36fd34da8b8ec078f8a8ac) Importer(815301076,1909f56bfc062723c751e8b465ee728b)
Start importing Assets/Scripts/DetectLaserOnLayer.cs using Guid(66dceaf29c36fd34da8b8ec078f8a8ac) Importer(815301076,1909f56bfc062723c751e8b465ee728b)  -> (artifact id: '01ddf09ffe65b9a4e5cdbb62a667adf5') in 0.005248 seconds
  Import took 0.007919 seconds .

========================================================================
Received Prepare
Registering precompiled user dll's ...
Registered in 0.004528 seconds.
Begin MonoManager ReloadAssembly
Native extension for WindowsStandalone target not found
Refreshing native plugins compatible for Editor in 0.56 ms, found 4 plugins.
Preloading 1 native plugins for Editor in 0.09 ms.
Mono: successfully reloaded assembly
- Completed reload, in  0.805 seconds
Platform modules already initialized, skipping
Switching build target platform(5) subTarget(0) extendedPlatform(0) -> platform(13) subTarget(524288) extendedPlatform(0)
Shader 'Oculus/OVRMRCameraFrameLit': fallback shader 'Alpha-Diffuse' not found
Refreshing native plugins compatible for Editor in 0.54 ms, found 4 plugins.
Preloading 1 native plugins for Editor in 0.09 ms.
Unloading 1705 Unused Serialized files (Serialized files now loaded: 0)
System memory in use before: 83.5 MB.
System memory in use after: 83.6 MB.

Unloading 30 unused Assets to reduce memory usage. Loaded Objects now: 2203.
Total: 1.523500 ms (FindLiveObjects: 0.167000 ms CreateObjectMapping: 0.054000 ms MarkObjects: 1.256700 ms  DeleteObjects: 0.045200 ms)

AssetImportParameters requested are different than current active one (requested -> active):
  custom:graphics/normal-map-encoding: 01000000000000000000000000000000 -> 02000000000000000000000000000000
========================================================================
Received Prepare
Registering precompiled user dll's ...
Registered in 0.003671 seconds.
Begin MonoManager ReloadAssembly
Native extension for WindowsStandalone target not found
Refreshing native plugins compatible for Editor in 0.53 ms, found 4 plugins.
Preloading 1 native plugins for Editor in 0.08 ms.
Mono: successfully reloaded assembly
- Completed reload, in  0.754 seconds
Platform modules already initialized, skipping
Switching build target platform(5) subTarget(0) extendedPlatform(0) -> platform(13) subTarget(524288) extendedPlatform(0)
Shader 'Oculus/OVRMRCameraFrameLit': fallback shader 'Alpha-Diffuse' not found
Refreshing native plugins compatible for Editor in 0.52 ms, found 4 plugins.
Preloading 1 native plugins for Editor in 0.08 ms.
Unloading 1705 Unused Serialized files (Serialized files now loaded: 0)
System memory in use before: 83.5 MB.
System memory in use after: 83.6 MB.

Unloading 30 unused Assets to reduce memory usage. Loaded Objects now: 2207.
Total: 1.671900 ms (FindLiveObjects: 0.136900 ms CreateObjectMapping: 0.052700 ms MarkObjects: 1.435400 ms  DeleteObjects: 0.046000 ms)

AssetImportParameters requested are different than current active one (requested -> active):
  custom:graphics/normal-map-encoding: 01000000000000000000000000000000 -> 02000000000000000000000000000000
========================================================================
Received Prepare
Registering precompiled user dll's ...
Registered in 0.003739 seconds.
Begin MonoManager ReloadAssembly
Native extension for WindowsStandalone target not found
Refreshing native plugins compatible for Editor in 0.53 ms, found 4 plugins.
Preloading 1 native plugins for Editor in 0.09 ms.
Mono: successfully reloaded assembly
- Completed reload, in  0.801 seconds
Platform modules already initialized, skipping
Switching build target platform(5) subTarget(0) extendedPlatform(0) -> platform(13) subTarget(524288) extendedPlatform(0)
Shader 'Oculus/OVRMRCameraFrameLit': fallback shader 'Alpha-Diffuse' not found
Refreshing native plugins compatible for Editor in 0.52 ms, found 4 plugins.
Preloading 1 native plugins for Editor in 0.08 ms.
Unloading 1718 Unused Serialized files (Serialized files now loaded: 0)
System memory in use before: 85.5 MB.
System memory in use after: 84.9 MB.

Unloading 43 unused Assets to reduce memory usage. Loaded Objects now: 2211.
Total: 1.701900 ms (FindLiveObjects: 0.145300 ms CreateObjectMapping: 0.049500 ms MarkObjects: 1.240600 ms  DeleteObjects: 0.265700 ms)

AssetImportParameters requested are different than current active one (requested -> active):
  custom:graphics/normal-map-encoding: 01000000000000000000000000000000 -> 02000000000000000000000000000000
========================================================================
Received Import Request.
  Time since last request: 461.013395 seconds.
  path: ProjectSettings/TagManager.asset
  artifactKey: Guid(00000000000000003000000000000000) Importer(815301076,1909f56bfc062723c751e8b465ee728b)
Start importing ProjectSettings/TagManager.asset using Guid(00000000000000003000000000000000) Importer(815301076,1909f56bfc062723c751e8b465ee728b)  -> (artifact id: 'ce6a35c3cddc746e7501c0bd0ed6d4ce') in 0.013133 seconds
  Import took 0.015391 seconds .

========================================================================
Received Import Request.
  Time since last request: 10.531983 seconds.
  path: ProjectSettings/TagManager.asset
  artifactKey: Guid(00000000000000003000000000000000) Importer(815301076,1909f56bfc062723c751e8b465ee728b)
Start importing ProjectSettings/TagManager.asset using Guid(00000000000000003000000000000000) Importer(815301076,1909f56bfc062723c751e8b465ee728b)  -> (artifact id: 'e72786e0913553515640ff2a19d2fa81') in 0.003176 seconds
  Import took 0.005351 seconds .

========================================================================
Received Prepare
Registering precompiled user dll's ...
Registered in 0.003760 seconds.
Begin MonoManager ReloadAssembly
Native extension for WindowsStandalone target not found
Refreshing native plugins compatible for Editor in 0.53 ms, found 4 plugins.
Preloading 1 native plugins for Editor in 0.09 ms.
Mono: successfully reloaded assembly
- Completed reload, in  0.783 seconds
Platform modules already initialized, skipping
Switching build target platform(5) subTarget(0) extendedPlatform(0) -> platform(13) subTarget(524288) extendedPlatform(0)
Shader 'Oculus/OVRMRCameraFrameLit': fallback shader 'Alpha-Diffuse' not found
Refreshing native plugins compatible for Editor in 0.54 ms, found 4 plugins.
Preloading 1 native plugins for Editor in 0.08 ms.
Unloading 1718 Unused Serialized files (Serialized files now loaded: 0)
System memory in use before: 85.5 MB.
System memory in use after: 84.9 MB.

Unloading 45 unused Assets to reduce memory usage. Loaded Objects now: 2215.
Total: 1.796900 ms (FindLiveObjects: 0.176800 ms CreateObjectMapping: 0.052400 ms MarkObjects: 1.277500 ms  DeleteObjects: 0.289200 ms)

AssetImportParameters requested are different than current active one (requested -> active):
  custom:graphics/normal-map-encoding: 01000000000000000000000000000000 -> 02000000000000000000000000000000
========================================================================
Received Import Request.
  Time since last request: 233.045957 seconds.
  path: Assets/Oculus/SampleFramework/Core/DebugUI/Textures/button.png
  artifactKey: Guid(749615b78f067c442b8275980b7ed7c8) Importer(815301076,1909f56bfc062723c751e8b465ee728b)
Start importing Assets/Oculus/SampleFramework/Core/DebugUI/Textures/button.png using Guid(749615b78f067c442b8275980b7ed7c8) Importer(815301076,1909f56bfc062723c751e8b465ee728b)  -> (artifact id: '6895a7af294380e54a75d72196ac4819') in 0.072382 seconds
  Import took 0.075437 seconds .

========================================================================
Received Import Request.
  Time since last request: 0.000247 seconds.
  path: Assets/Oculus/SampleFramework/Core/DebugUI/Textures/panel_background.PNG
  artifactKey: Guid(d929e2a65a1cbc54dacdbdcdb33165e2) Importer(815301076,1909f56bfc062723c751e8b465ee728b)
Start importing Assets/Oculus/SampleFramework/Core/DebugUI/Textures/panel_background.PNG using Guid(d929e2a65a1cbc54dacdbdcdb33165e2) Importer(815301076,1909f56bfc062723c751e8b465ee728b)  -> (artifact id: 'd5f2a3846d25e94b9bfe62e079f812b7') in 0.015731 seconds
  Import took 0.018353 seconds .

========================================================================
Received Import Request.
  Time since last request: 0.000191 seconds.
  path: Assets/Oculus/SampleFramework/Core/DebugUI/Textures/header.png
  artifactKey: Guid(eee045d55647138479b30e687b81c7e3) Importer(815301076,1909f56bfc062723c751e8b465ee728b)
Start importing Assets/Oculus/SampleFramework/Core/DebugUI/Textures/header.png using Guid(eee045d55647138479b30e687b81c7e3) Importer(815301076,1909f56bfc062723c751e8b465ee728b)  -> (artifact id: '3cacc7a8516e6a95e912ebd980d8e664') in 0.008288 seconds
  Import took 0.010743 seconds .

========================================================================
Received Import Request.
  Time since last request: 0.000229 seconds.
  path: Assets/Oculus/SampleFramework/Core/DebugUI/Textures/radio_over.png
  artifactKey: Guid(d573cef9968bac840a82613c16823a0e) Importer(815301076,1909f56bfc062723c751e8b465ee728b)
Start importing Assets/Oculus/SampleFramework/Core/DebugUI/Textures/radio_over.png using Guid(d573cef9968bac840a82613c16823a0e) Importer(815301076,1909f56bfc062723c751e8b465ee728b)  -> (artifact id: 'a31180a9862ecc9fd80137ff5c78ab31') in 0.009019 seconds
  Import took 0.011956 seconds .

========================================================================
Received Import Request.
  Time since last request: 0.000186 seconds.
  path: Assets/Oculus/SampleFramework/Core/DebugUI/Textures/button9slice.png
  artifactKey: Guid(eec623c29607b1447ac4dc6de3cdda6a) Importer(815301076,1909f56bfc062723c751e8b465ee728b)
Start importing Assets/Oculus/SampleFramework/Core/DebugUI/Textures/button9slice.png using Guid(eec623c29607b1447ac4dc6de3cdda6a) Importer(815301076,1909f56bfc062723c751e8b465ee728b)  -> (artifact id: '20fa945d1ed14b4b814d8b62f232c444') in 0.008283 seconds
  Import took 0.010846 seconds .

========================================================================
Received Import Request.
  Time since last request: 0.000169 seconds.
  path: Assets/Oculus/SampleFramework/Core/DebugUI/Textures/radio_disabled.png
  artifactKey: Guid(bdbd8a3ecf4a241499b36f4c13ded10b) Importer(815301076,1909f56bfc062723c751e8b465ee728b)
Start importing Assets/Oculus/SampleFramework/Core/DebugUI/Textures/radio_disabled.png using Guid(bdbd8a3ecf4a241499b36f4c13ded10b) Importer(815301076,1909f56bfc062723c751e8b465ee728b)  -> (artifact id: '79ed6a2b6d84efc63c5a0b182efabb9f') in 0.007987 seconds
  Import took 0.010253 seconds .

========================================================================
Received Import Request.
  Time since last request: 0.000160 seconds.
  path: Assets/Oculus/VR/Textures/windowgui.png
  artifactKey: Guid(a26663690a6580440963aa46e582c35b) Importer(815301076,1909f56bfc062723c751e8b465ee728b)
Start importing Assets/Oculus/VR/Textures/windowgui.png using Guid(a26663690a6580440963aa46e582c35b) Importer(815301076,1909f56bfc062723c751e8b465ee728b)  -> (artifact id: '3c6144be944d05fa4b642a7a03d468c3') in 0.010674 seconds
  Import took 0.013029 seconds .

========================================================================
Received Import Request.
  Time since last request: 0.000179 seconds.
  path: Assets/Oculus/SampleFramework/Core/DebugUI/Textures/separator.png
  artifactKey: Guid(99e2846e72f06dc4fb23e772dca82743) Importer(815301076,1909f56bfc062723c751e8b465ee728b)
Start importing Assets/Oculus/SampleFramework/Core/DebugUI/Textures/separator.png using Guid(99e2846e72f06dc4fb23e772dca82743) Importer(815301076,1909f56bfc062723c751e8b465ee728b)  -> (artifact id: '38f7992abf97708aa1a5acf507bb204d') in 0.007885 seconds
  Import took 0.010237 seconds .

========================================================================
Received Import Request.
  Time since last request: 0.000170 seconds.
  path: Assets/Oculus/SampleFramework/Core/DebugUI/Textures/translucent_01.png
  artifactKey: Guid(7ebd72557d873024e8afa355e92d435f) Importer(815301076,1909f56bfc062723c751e8b465ee728b)
Start importing Assets/Oculus/SampleFramework/Core/DebugUI/Textures/translucent_01.png using Guid(7ebd72557d873024e8afa355e92d435f) Importer(815301076,1909f56bfc062723c751e8b465ee728b)  -> (artifact id: 'b77d93304e282a3402448bc72cfded95') in 0.007497 seconds
  Import took 0.009911 seconds .

========================================================================
Received Import Request.
  Time since last request: 0.000163 seconds.
  path: Assets/Oculus/SampleFramework/Core/DebugUI/Textures/radio_on.png
  artifactKey: Guid(5aeca7df47eecc94bb7fbb5d79cf2036) Importer(815301076,1909f56bfc062723c751e8b465ee728b)
Start importing Assets/Oculus/SampleFramework/Core/DebugUI/Textures/radio_on.png using Guid(5aeca7df47eecc94bb7fbb5d79cf2036) Importer(815301076,1909f56bfc062723c751e8b465ee728b)  -> (artifact id: 'ef6ea3e946ec30006ae979cc3de17030') in 0.008203 seconds
  Import took 0.010448 seconds .

========================================================================
Received Import Request.
  Time since last request: 0.000160 seconds.
  path: Assets/Oculus/SampleFramework/Core/DebugUI/Textures/slider_slider.png
  artifactKey: Guid(871600bbe5c92eb45a948fe73ff8b1a3) Importer(815301076,1909f56bfc062723c751e8b465ee728b)
Start importing Assets/Oculus/SampleFramework/Core/DebugUI/Textures/slider_slider.png using Guid(871600bbe5c92eb45a948fe73ff8b1a3) Importer(815301076,1909f56bfc062723c751e8b465ee728b)  -> (artifact id: 'db569bc81c5bb1a9b947f165100eaddf') in 0.007769 seconds
  Import took 0.010539 seconds .

========================================================================
Received Import Request.
  Time since last request: 0.000172 seconds.
  path: Assets/Oculus/SampleFramework/Core/DebugUI/Textures/slider_bar.png
  artifactKey: Guid(71df6d228f4ab4245b9791d80663baa4) Importer(815301076,1909f56bfc062723c751e8b465ee728b)
Start importing Assets/Oculus/SampleFramework/Core/DebugUI/Textures/slider_bar.png using Guid(71df6d228f4ab4245b9791d80663baa4) Importer(815301076,1909f56bfc062723c751e8b465ee728b)  -> (artifact id: '834bc6277a8ee3247672e36407249dff') in 0.007650 seconds
  Import took 0.009899 seconds .

========================================================================
Received Import Request.
  Time since last request: 0.000156 seconds.
  path: Assets/Oculus/SampleFramework/Core/DebugUI/Textures/radio_off.png
  artifactKey: Guid(9a7a1aee5662d8e439db9465d2c3e3fe) Importer(815301076,1909f56bfc062723c751e8b465ee728b)
Start importing Assets/Oculus/SampleFramework/Core/DebugUI/Textures/radio_off.png using Guid(9a7a1aee5662d8e439db9465d2c3e3fe) Importer(815301076,1909f56bfc062723c751e8b465ee728b)  -> (artifact id: 'fce2cca430614d4df2e56767cd20d123') in 0.008000 seconds
  Import took 0.010300 seconds .

========================================================================
Received Import Request.
  Time since last request: 0.000182 seconds.
  path: Assets/Oculus/SampleFramework/Core/DebugUI/Textures/radio_on_off.png
  artifactKey: Guid(f6e6acbe07068e448ada3d7aaeb72562) Importer(815301076,1909f56bfc062723c751e8b465ee728b)
Start importing Assets/Oculus/SampleFramework/Core/DebugUI/Textures/radio_on_off.png using Guid(f6e6acbe07068e448ada3d7aaeb72562) Importer(815301076,1909f56bfc062723c751e8b465ee728b)  -> (artifact id: '34ca9e86a80692d8f10466492c2da7d9') in 0.009230 seconds
  Import took 0.011461 seconds .

========================================================================
Received Import Request.
  Time since last request: 0.000157 seconds.
  path: Assets/Oculus/SampleFramework/Core/DebugUI/Textures/button.png
  artifactKey: Guid(749615b78f067c442b8275980b7ed7c8) Importer(815301076,1909f56bfc062723c751e8b465ee728b)
Start importing Assets/Oculus/SampleFramework/Core/DebugUI/Textures/button.png using Guid(749615b78f067c442b8275980b7ed7c8) Importer(815301076,1909f56bfc062723c751e8b465ee728b)  -> (artifact id: '6895a7af294380e54a75d72196ac4819') in 0.008081 seconds
  Import took 0.010345 seconds .

========================================================================
Received Import Request.
  Time since last request: 0.000167 seconds.
  path: Assets/Oculus/SampleFramework/Core/DebugUI/Textures/dialog.png
  artifactKey: Guid(fd7cf88ee9b05f94f84bd7686a9669a6) Importer(815301076,1909f56bfc062723c751e8b465ee728b)
Start importing Assets/Oculus/SampleFramework/Core/DebugUI/Textures/dialog.png using Guid(fd7cf88ee9b05f94f84bd7686a9669a6) Importer(815301076,1909f56bfc062723c751e8b465ee728b)  -> (artifact id: '10fa21dfb0ee87f79f075ead0a1e6274') in 0.010187 seconds
  Import took 0.012605 seconds .

========================================================================
Received Import Request.
  Time since last request: 0.000185 seconds.
  path: Assets/Oculus/VR/Textures/handle.png
  artifactKey: Guid(ce8f78b2b9292484e97f36ad9568fc4f) Importer(815301076,1909f56bfc062723c751e8b465ee728b)
Start importing Assets/Oculus/VR/Textures/handle.png using Guid(ce8f78b2b9292484e97f36ad9568fc4f) Importer(815301076,1909f56bfc062723c751e8b465ee728b)  -> (artifact id: 'ef982ba0f7f5e0b50e0c136025e45e4d') in 0.008586 seconds
  Import took 0.010908 seconds .

========================================================================
Received Prepare
Registering precompiled user dll's ...
Registered in 0.005578 seconds.
Begin MonoManager ReloadAssembly
Native extension for WindowsStandalone target not found
Refreshing native plugins compatible for Editor in 0.53 ms, found 4 plugins.
Preloading 1 native plugins for Editor in 0.08 ms.
Mono: successfully reloaded assembly
- Completed reload, in  0.759 seconds
Platform modules already initialized, skipping
Switching build target platform(5) subTarget(0) extendedPlatform(0) -> platform(13) subTarget(524288) extendedPlatform(0)
Shader 'Oculus/OVRMRCameraFrameLit': fallback shader 'Alpha-Diffuse' not found
Refreshing native plugins compatible for Editor in 0.57 ms, found 4 plugins.
Preloading 1 native plugins for Editor in 0.08 ms.
Unloading 1718 Unused Serialized files (Serialized files now loaded: 0)
System memory in use before: 88.6 MB.
System memory in use after: 88.0 MB.

Unloading 43 unused Assets to reduce memory usage. Loaded Objects now: 2239.
Total: 1.983400 ms (FindLiveObjects: 0.167500 ms CreateObjectMapping: 0.056700 ms MarkObjects: 1.399200 ms  DeleteObjects: 0.359200 ms)

AssetImportParameters requested are different than current active one (requested -> active):
  custom:graphics/normal-map-encoding: 01000000000000000000000000000000 -> 02000000000000000000000000000000
========================================================================
Received Prepare
Registering precompiled user dll's ...
Registered in 0.003925 seconds.
Begin MonoManager ReloadAssembly
Native extension for WindowsStandalone target not found
Refreshing native plugins compatible for Editor in 0.54 ms, found 4 plugins.
Preloading 1 native plugins for Editor in 0.08 ms.
Mono: successfully reloaded assembly
- Completed reload, in  0.772 seconds
Platform modules already initialized, skipping
Switching build target platform(5) subTarget(0) extendedPlatform(0) -> platform(13) subTarget(524288) extendedPlatform(0)
Shader 'Oculus/OVRMRCameraFrameLit': fallback shader 'Alpha-Diffuse' not found
Refreshing native plugins compatible for Editor in 0.52 ms, found 4 plugins.
Preloading 1 native plugins for Editor in 0.08 ms.
Unloading 1718 Unused Serialized files (Serialized files now loaded: 0)
System memory in use before: 88.6 MB.
System memory in use after: 88.0 MB.

Unloading 43 unused Assets to reduce memory usage. Loaded Objects now: 2243.
Total: 1.822200 ms (FindLiveObjects: 0.139000 ms CreateObjectMapping: 0.075000 ms MarkObjects: 1.327700 ms  DeleteObjects: 0.279800 ms)

AssetImportParameters requested are different than current active one (requested -> active):
  custom:graphics/normal-map-encoding: 01000000000000000000000000000000 -> 02000000000000000000000000000000
========================================================================
Received Prepare
Shader 'Oculus/OVRMRCameraFrameLit': fallback shader 'Alpha-Diffuse' not found
Refreshing native plugins compatible for Editor in 11.34 ms, found 4 plugins.
Preloading 1 native plugins for Editor in 0.08 ms.
Unloading 40 Unused Serialized files (Serialized files now loaded: 0)
System memory in use before: 56.3 MB.
System memory in use after: 55.7 MB.

Unloading 40 unused Assets to reduce memory usage. Loaded Objects now: 2243.
Total: 1.765000 ms (FindLiveObjects: 0.154900 ms CreateObjectMapping: 0.054000 ms MarkObjects: 1.245300 ms  DeleteObjects: 0.310000 ms)

========================================================================
Received Prepare
Shader 'Oculus/OVRMRCameraFrameLit': fallback shader 'Alpha-Diffuse' not found
Refreshing native plugins compatible for Editor in 9.86 ms, found 4 plugins.
Preloading 1 native plugins for Editor in 0.08 ms.
Unloading 40 Unused Serialized files (Serialized files now loaded: 0)
System memory in use before: 56.3 MB.
System memory in use after: 55.7 MB.

Unloading 40 unused Assets to reduce memory usage. Loaded Objects now: 2243.
Total: 2.546000 ms (FindLiveObjects: 0.169200 ms CreateObjectMapping: 0.052400 ms MarkObjects: 1.970000 ms  DeleteObjects: 0.353400 ms)

========================================================================
Received Prepare
Shader 'Oculus/OVRMRCameraFrameLit': fallback shader 'Alpha-Diffuse' not found
Refreshing native plugins compatible for Editor in 10.06 ms, found 4 plugins.
Preloading 1 native plugins for Editor in 0.08 ms.
Unloading 40 Unused Serialized files (Serialized files now loaded: 0)
System memory in use before: 56.3 MB.
System memory in use after: 55.7 MB.

Unloading 40 unused Assets to reduce memory usage. Loaded Objects now: 2243.
Total: 1.721600 ms (FindLiveObjects: 0.161400 ms CreateObjectMapping: 0.052600 ms MarkObjects: 1.204400 ms  DeleteObjects: 0.302600 ms)

========================================================================
Received Import Request.
  Time since last request: 732.778758 seconds.
  path: Assets/Materials
  artifactKey: Guid(500a496779ac3f34f85a608cf61d1c39) Importer(815301076,1909f56bfc062723c751e8b465ee728b)
Start importing Assets/Materials using Guid(500a496779ac3f34f85a608cf61d1c39) Importer(815301076,1909f56bfc062723c751e8b465ee728b)  -> (artifact id: '5e56765d7fd489edd666fccd1e9774b3') in 0.009118 seconds
  Import took 0.012614 seconds .

========================================================================
Received Prepare
Shader 'Oculus/OVRMRCameraFrameLit': fallback shader 'Alpha-Diffuse' not found
Refreshing native plugins compatible for Editor in 10.58 ms, found 4 plugins.
Preloading 1 native plugins for Editor in 0.09 ms.
Unloading 40 Unused Serialized files (Serialized files now loaded: 0)
System memory in use before: 56.3 MB.
System memory in use after: 55.8 MB.

Unloading 40 unused Assets to reduce memory usage. Loaded Objects now: 2243.
Total: 2.303200 ms (FindLiveObjects: 0.180100 ms CreateObjectMapping: 0.060300 ms MarkObjects: 1.744500 ms  DeleteObjects: 0.317600 ms)

========================================================================
Received Import Request.
  Time since last request: 194.109515 seconds.
  path: Assets/Oculus/SampleFramework/Core/TouchControllers/RightControllerPf.prefab
  artifactKey: Guid(fa4a34fb8bbe14649bca25aee46a5f4e) Importer(815301076,1909f56bfc062723c751e8b465ee728b)
Start importing Assets/Oculus/SampleFramework/Core/TouchControllers/RightControllerPf.prefab using Guid(fa4a34fb8bbe14649bca25aee46a5f4e) Importer(815301076,1909f56bfc062723c751e8b465ee728b)  -> (artifact id: 'a9fbd67058b7db866e2b10fd71b4bf38') in 0.248090 seconds
  Import took 0.251074 seconds .

========================================================================
Received Prepare
Registering precompiled user dll's ...
Registered in 0.003802 seconds.
Begin MonoManager ReloadAssembly
Native extension for WindowsStandalone target not found
Refreshing native plugins compatible for Editor in 0.56 ms, found 4 plugins.
Preloading 1 native plugins for Editor in 0.09 ms.
Mono: successfully reloaded assembly
- Completed reload, in  0.830 seconds
Platform modules already initialized, skipping
Switching build target platform(5) subTarget(0) extendedPlatform(0) -> platform(13) subTarget(524288) extendedPlatform(0)
Shader 'Oculus/OVRMRCameraFrameLit': fallback shader 'Alpha-Diffuse' not found
Refreshing native plugins compatible for Editor in 0.53 ms, found 4 plugins.
Preloading 1 native plugins for Editor in 0.09 ms.
Unloading 1718 Unused Serialized files (Serialized files now loaded: 0)
System memory in use before: 102.3 MB.
System memory in use after: 101.7 MB.

Unloading 43 unused Assets to reduce memory usage. Loaded Objects now: 2252.
Total: 1.932300 ms (FindLiveObjects: 0.160400 ms CreateObjectMapping: 0.049600 ms MarkObjects: 1.406600 ms  DeleteObjects: 0.314700 ms)

AssetImportParameters requested are different than current active one (requested -> active):
  custom:graphics/normal-map-encoding: 01000000000000000000000000000000 -> 02000000000000000000000000000000
========================================================================
Received Prepare
Shader 'Oculus/OVRMRCameraFrameLit': fallback shader 'Alpha-Diffuse' not found
Refreshing native plugins compatible for Editor in 15.04 ms, found 4 plugins.
Preloading 1 native plugins for Editor in 0.10 ms.
Unloading 40 Unused Serialized files (Serialized files now loaded: 0)
System memory in use before: 70.0 MB.
System memory in use after: 69.5 MB.

Unloading 40 unused Assets to reduce memory usage. Loaded Objects now: 2252.
Total: 2.908200 ms (FindLiveObjects: 0.511300 ms CreateObjectMapping: 0.149700 ms MarkObjects: 1.905500 ms  DeleteObjects: 0.340600 ms)

========================================================================
Received Prepare
Shader 'Oculus/OVRMRCameraFrameLit': fallback shader 'Alpha-Diffuse' not found
Refreshing native plugins compatible for Editor in 14.89 ms, found 4 plugins.
Preloading 1 native plugins for Editor in 0.11 ms.
Unloading 40 Unused Serialized files (Serialized files now loaded: 0)
System memory in use before: 70.0 MB.
System memory in use after: 69.5 MB.

Unloading 40 unused Assets to reduce memory usage. Loaded Objects now: 2252.
Total: 3.744800 ms (FindLiveObjects: 0.386300 ms CreateObjectMapping: 0.156100 ms MarkObjects: 2.484200 ms  DeleteObjects: 0.715900 ms)

========================================================================
Received Prepare
Registering precompiled user dll's ...
Registered in 0.004295 seconds.
Begin MonoManager ReloadAssembly
Native extension for WindowsStandalone target not found
Refreshing native plugins compatible for Editor in 0.54 ms, found 4 plugins.
Preloading 1 native plugins for Editor in 0.09 ms.
Mono: successfully reloaded assembly
- Completed reload, in  0.825 seconds
Platform modules already initialized, skipping
Switching build target platform(5) subTarget(0) extendedPlatform(0) -> platform(13) subTarget(524288) extendedPlatform(0)
Shader 'Oculus/OVRMRCameraFrameLit': fallback shader 'Alpha-Diffuse' not found
Refreshing native plugins compatible for Editor in 0.53 ms, found 4 plugins.
Preloading 1 native plugins for Editor in 0.09 ms.
Unloading 1718 Unused Serialized files (Serialized files now loaded: 0)
System memory in use before: 102.3 MB.
System memory in use after: 101.8 MB.

Unloading 43 unused Assets to reduce memory usage. Loaded Objects now: 2256.
Total: 1.709700 ms (FindLiveObjects: 0.159900 ms CreateObjectMapping: 0.055700 ms MarkObjects: 1.202600 ms  DeleteObjects: 0.290900 ms)

AssetImportParameters requested are different than current active one (requested -> active):
  custom:graphics/normal-map-encoding: 01000000000000000000000000000000 -> 02000000000000000000000000000000
========================================================================
Received Prepare
Registering precompiled user dll's ...
Registered in 0.003590 seconds.
Begin MonoManager ReloadAssembly
Native extension for WindowsStandalone target not found
Refreshing native plugins compatible for Editor in 0.54 ms, found 4 plugins.
Preloading 1 native plugins for Editor in 0.09 ms.
Mono: successfully reloaded assembly
- Completed reload, in  0.833 seconds
Platform modules already initialized, skipping
Switching build target platform(5) subTarget(0) extendedPlatform(0) -> platform(13) subTarget(524288) extendedPlatform(0)
Shader 'Oculus/OVRMRCameraFrameLit': fallback shader 'Alpha-Diffuse' not found
Refreshing native plugins compatible for Editor in 0.66 ms, found 4 plugins.
Preloading 1 native plugins for Editor in 0.10 ms.
Unloading 1718 Unused Serialized files (Serialized files now loaded: 0)
System memory in use before: 102.3 MB.
System memory in use after: 101.8 MB.

Unloading 43 unused Assets to reduce memory usage. Loaded Objects now: 2260.
Total: 1.782300 ms (FindLiveObjects: 0.164400 ms CreateObjectMapping: 0.051000 ms MarkObjects: 1.267500 ms  DeleteObjects: 0.298300 ms)

AssetImportParameters requested are different than current active one (requested -> active):
  custom:graphics/normal-map-encoding: 01000000000000000000000000000000 -> 02000000000000000000000000000000
========================================================================
Received Prepare
Registering precompiled user dll's ...
Registered in 0.003756 seconds.
Begin MonoManager ReloadAssembly
Native extension for WindowsStandalone target not found
Refreshing native plugins compatible for Editor in 0.54 ms, found 4 plugins.
Preloading 1 native plugins for Editor in 0.09 ms.
Mono: successfully reloaded assembly
- Completed reload, in  0.842 seconds
Platform modules already initialized, skipping
Switching build target platform(5) subTarget(0) extendedPlatform(0) -> platform(13) subTarget(524288) extendedPlatform(0)
Shader 'Oculus/OVRMRCameraFrameLit': fallback shader 'Alpha-Diffuse' not found
Refreshing native plugins compatible for Editor in 0.53 ms, found 4 plugins.
Preloading 1 native plugins for Editor in 0.08 ms.
Unloading 1718 Unused Serialized files (Serialized files now loaded: 0)
System memory in use before: 102.3 MB.
System memory in use after: 101.8 MB.

Unloading 43 unused Assets to reduce memory usage. Loaded Objects now: 2264.
Total: 1.792000 ms (FindLiveObjects: 0.157700 ms CreateObjectMapping: 0.050100 ms MarkObjects: 1.292200 ms  DeleteObjects: 0.290900 ms)

AssetImportParameters requested are different than current active one (requested -> active):
  custom:graphics/normal-map-encoding: 01000000000000000000000000000000 -> 02000000000000000000000000000000
========================================================================
Received Prepare
Registering precompiled user dll's ...
Registered in 0.003521 seconds.
Begin MonoManager ReloadAssembly
Native extension for WindowsStandalone target not found
Refreshing native plugins compatible for Editor in 0.59 ms, found 4 plugins.
Preloading 1 native plugins for Editor in 0.09 ms.
Mono: successfully reloaded assembly
- Completed reload, in  0.843 seconds
Platform modules already initialized, skipping
Switching build target platform(5) subTarget(0) extendedPlatform(0) -> platform(13) subTarget(524288) extendedPlatform(0)
Shader 'Oculus/OVRMRCameraFrameLit': fallback shader 'Alpha-Diffuse' not found
Refreshing native plugins compatible for Editor in 0.53 ms, found 4 plugins.
Preloading 1 native plugins for Editor in 0.08 ms.
Unloading 1718 Unused Serialized files (Serialized files now loaded: 0)
System memory in use before: 102.3 MB.
System memory in use after: 101.8 MB.

Unloading 43 unused Assets to reduce memory usage. Loaded Objects now: 2268.
Total: 1.731800 ms (FindLiveObjects: 0.157100 ms CreateObjectMapping: 0.047300 ms MarkObjects: 1.244600 ms  DeleteObjects: 0.282100 ms)

AssetImportParameters requested are different than current active one (requested -> active):
  custom:graphics/normal-map-encoding: 01000000000000000000000000000000 -> 02000000000000000000000000000000
========================================================================
Received Prepare
Shader 'Oculus/OVRMRCameraFrameLit': fallback shader 'Alpha-Diffuse' not found
Refreshing native plugins compatible for Editor in 10.41 ms, found 4 plugins.
Preloading 1 native plugins for Editor in 0.08 ms.
Unloading 40 Unused Serialized files (Serialized files now loaded: 0)
System memory in use before: 70.1 MB.
System memory in use after: 69.5 MB.

Unloading 40 unused Assets to reduce memory usage. Loaded Objects now: 2268.
Total: 1.817200 ms (FindLiveObjects: 0.158100 ms CreateObjectMapping: 0.056200 ms MarkObjects: 1.288400 ms  DeleteObjects: 0.313800 ms)

========================================================================
Received Prepare
Registering precompiled user dll's ...
Registered in 0.003606 seconds.
Begin MonoManager ReloadAssembly
Native extension for WindowsStandalone target not found
Refreshing native plugins compatible for Editor in 0.55 ms, found 4 plugins.
Preloading 1 native plugins for Editor in 0.09 ms.
Mono: successfully reloaded assembly
- Completed reload, in  0.875 seconds
Platform modules already initialized, skipping
Switching build target platform(5) subTarget(0) extendedPlatform(0) -> platform(13) subTarget(524288) extendedPlatform(0)
Shader 'Oculus/OVRMRCameraFrameLit': fallback shader 'Alpha-Diffuse' not found
Refreshing native plugins compatible for Editor in 0.52 ms, found 4 plugins.
Preloading 1 native plugins for Editor in 0.08 ms.
Unloading 1718 Unused Serialized files (Serialized files now loaded: 0)
System memory in use before: 102.3 MB.
System memory in use after: 101.8 MB.

Unloading 43 unused Assets to reduce memory usage. Loaded Objects now: 2272.
Total: 1.877600 ms (FindLiveObjects: 0.158600 ms CreateObjectMapping: 0.048200 ms MarkObjects: 1.380300 ms  DeleteObjects: 0.289600 ms)

AssetImportParameters requested are different than current active one (requested -> active):
  custom:graphics/normal-map-encoding: 01000000000000000000000000000000 -> 02000000000000000000000000000000
========================================================================
Received Prepare
Registering precompiled user dll's ...
Registered in 0.004497 seconds.
Begin MonoManager ReloadAssembly
Native extension for WindowsStandalone target not found
Refreshing native plugins compatible for Editor in 0.54 ms, found 4 plugins.
Preloading 1 native plugins for Editor in 0.08 ms.
Mono: successfully reloaded assembly
- Completed reload, in  0.870 seconds
Platform modules already initialized, skipping
Switching build target platform(5) subTarget(0) extendedPlatform(0) -> platform(13) subTarget(524288) extendedPlatform(0)
Shader 'Oculus/OVRMRCameraFrameLit': fallback shader 'Alpha-Diffuse' not found
Refreshing native plugins compatible for Editor in 0.52 ms, found 4 plugins.
Preloading 1 native plugins for Editor in 0.08 ms.
Unloading 1718 Unused Serialized files (Serialized files now loaded: 0)
System memory in use before: 102.4 MB.
System memory in use after: 101.8 MB.

Unloading 43 unused Assets to reduce memory usage. Loaded Objects now: 2276.
Total: 1.802300 ms (FindLiveObjects: 0.158400 ms CreateObjectMapping: 0.047700 ms MarkObjects: 1.303400 ms  DeleteObjects: 0.292100 ms)

AssetImportParameters requested are different than current active one (requested -> active):
  custom:graphics/normal-map-encoding: 01000000000000000000000000000000 -> 02000000000000000000000000000000
========================================================================
Received Prepare
Registering precompiled user dll's ...
Registered in 0.004573 seconds.
Begin MonoManager ReloadAssembly
Native extension for WindowsStandalone target not found
Refreshing native plugins compatible for Editor in 0.53 ms, found 4 plugins.
Preloading 1 native plugins for Editor in 0.08 ms.
Mono: successfully reloaded assembly
- Completed reload, in  0.892 seconds
Platform modules already initialized, skipping
Switching build target platform(5) subTarget(0) extendedPlatform(0) -> platform(13) subTarget(524288) extendedPlatform(0)
Shader 'Oculus/OVRMRCameraFrameLit': fallback shader 'Alpha-Diffuse' not found
Refreshing native plugins compatible for Editor in 0.53 ms, found 4 plugins.
Preloading 1 native plugins for Editor in 0.08 ms.
Unloading 1718 Unused Serialized files (Serialized files now loaded: 0)
System memory in use before: 102.4 MB.
System memory in use after: 101.8 MB.

Unloading 43 unused Assets to reduce memory usage. Loaded Objects now: 2280.
Total: 1.892600 ms (FindLiveObjects: 0.151300 ms CreateObjectMapping: 0.049600 ms MarkObjects: 1.386400 ms  DeleteObjects: 0.304600 ms)

AssetImportParameters requested are different than current active one (requested -> active):
  custom:graphics/normal-map-encoding: 01000000000000000000000000000000 -> 02000000000000000000000000000000
========================================================================
Received Import Request.
  Time since last request: 831.292838 seconds.
  path: ProjectSettings/TagManager.asset
  artifactKey: Guid(00000000000000003000000000000000) Importer(815301076,1909f56bfc062723c751e8b465ee728b)
Start importing ProjectSettings/TagManager.asset using Guid(00000000000000003000000000000000) Importer(815301076,1909f56bfc062723c751e8b465ee728b)  -> (artifact id: 'dbe82286d82f6ed87509ca9d2437fdfe') in 0.013757 seconds
  Import took 0.016212 seconds .

========================================================================
Received Import Request.
  Time since last request: 4.742915 seconds.
  path: ProjectSettings/TagManager.asset
  artifactKey: Guid(00000000000000003000000000000000) Importer(815301076,1909f56bfc062723c751e8b465ee728b)
Start importing ProjectSettings/TagManager.asset using Guid(00000000000000003000000000000000) Importer(815301076,1909f56bfc062723c751e8b465ee728b)  -> (artifact id: '1cbd36a38b7f69dda46448f82b7b1a8f') in 0.006404 seconds
  Import took 0.009234 seconds .

========================================================================
Received Import Request.
  Time since last request: 6.539041 seconds.
  path: ProjectSettings/TagManager.asset
  artifactKey: Guid(00000000000000003000000000000000) Importer(815301076,1909f56bfc062723c751e8b465ee728b)
Start importing ProjectSettings/TagManager.asset using Guid(00000000000000003000000000000000) Importer(815301076,1909f56bfc062723c751e8b465ee728b)  -> (artifact id: '3e0508583db87f62e562756d651c01bd') in 0.003124 seconds
  Import took 0.005714 seconds .

========================================================================
Received Prepare
Registering precompiled user dll's ...
Registered in 0.004869 seconds.
Begin MonoManager ReloadAssembly
Native extension for WindowsStandalone target not found
Refreshing native plugins compatible for Editor in 0.54 ms, found 4 plugins.
Preloading 1 native plugins for Editor in 0.09 ms.
Mono: successfully reloaded assembly
- Completed reload, in  0.856 seconds
Platform modules already initialized, skipping
Switching build target platform(5) subTarget(0) extendedPlatform(0) -> platform(13) subTarget(524288) extendedPlatform(0)
Shader 'Oculus/OVRMRCameraFrameLit': fallback shader 'Alpha-Diffuse' not found
Refreshing native plugins compatible for Editor in 0.57 ms, found 4 plugins.
Preloading 1 native plugins for Editor in 0.09 ms.
Unloading 1718 Unused Serialized files (Serialized files now loaded: 0)
System memory in use before: 102.4 MB.
System memory in use after: 101.8 MB.

Unloading 46 unused Assets to reduce memory usage. Loaded Objects now: 2284.
Total: 2.000500 ms (FindLiveObjects: 0.214700 ms CreateObjectMapping: 0.096900 ms MarkObjects: 1.375400 ms  DeleteObjects: 0.312400 ms)

AssetImportParameters requested are different than current active one (requested -> active):
  custom:graphics/normal-map-encoding: 01000000000000000000000000000000 -> 02000000000000000000000000000000
========================================================================
Received Prepare
Shader 'Oculus/OVRMRCameraFrameLit': fallback shader 'Alpha-Diffuse' not found
Refreshing native plugins compatible for Editor in 12.90 ms, found 4 plugins.
Preloading 1 native plugins for Editor in 0.09 ms.
Unloading 40 Unused Serialized files (Serialized files now loaded: 0)
System memory in use before: 70.1 MB.
System memory in use after: 69.6 MB.

Unloading 40 unused Assets to reduce memory usage. Loaded Objects now: 2284.
Total: 4.140800 ms (FindLiveObjects: 0.187500 ms CreateObjectMapping: 0.056700 ms MarkObjects: 3.553500 ms  DeleteObjects: 0.341900 ms)

========================================================================
Received Prepare
Registering precompiled user dll's ...
Registered in 0.003668 seconds.
Begin MonoManager ReloadAssembly
Native extension for WindowsStandalone target not found
Refreshing native plugins compatible for Editor in 0.65 ms, found 4 plugins.
Preloading 1 native plugins for Editor in 0.20 ms.
Mono: successfully reloaded assembly
- Completed reload, in  0.902 seconds
Platform modules already initialized, skipping
Switching build target platform(5) subTarget(0) extendedPlatform(0) -> platform(13) subTarget(524288) extendedPlatform(0)
Shader 'Oculus/OVRMRCameraFrameLit': fallback shader 'Alpha-Diffuse' not found
Refreshing native plugins compatible for Editor in 0.57 ms, found 4 plugins.
Preloading 1 native plugins for Editor in 0.09 ms.
Unloading 1718 Unused Serialized files (Serialized files now loaded: 0)
System memory in use before: 102.4 MB.
System memory in use after: 101.8 MB.

Unloading 43 unused Assets to reduce memory usage. Loaded Objects now: 2288.
Total: 1.906500 ms (FindLiveObjects: 0.165100 ms CreateObjectMapping: 0.055900 ms MarkObjects: 1.379900 ms  DeleteObjects: 0.304600 ms)

AssetImportParameters requested are different than current active one (requested -> active):
  custom:graphics/normal-map-encoding: 01000000000000000000000000000000 -> 02000000000000000000000000000000
========================================================================
Received Prepare
Shader 'Oculus/OVRMRCameraFrameLit': fallback shader 'Alpha-Diffuse' not found
Refreshing native plugins compatible for Editor in 10.67 ms, found 4 plugins.
Preloading 1 native plugins for Editor in 0.09 ms.
Unloading 40 Unused Serialized files (Serialized files now loaded: 0)
System memory in use before: 70.1 MB.
System memory in use after: 69.5 MB.

Unloading 40 unused Assets to reduce memory usage. Loaded Objects now: 2288.
Total: 1.990300 ms (FindLiveObjects: 0.170300 ms CreateObjectMapping: 0.062300 ms MarkObjects: 1.345700 ms  DeleteObjects: 0.411300 ms)

========================================================================
Received Prepare
Registering precompiled user dll's ...
Registered in 0.003884 seconds.
Begin MonoManager ReloadAssembly
Native extension for WindowsStandalone target not found
Refreshing native plugins compatible for Editor in 0.53 ms, found 4 plugins.
Preloading 1 native plugins for Editor in 0.08 ms.
Mono: successfully reloaded assembly
- Completed reload, in  0.883 seconds
Platform modules already initialized, skipping
Switching build target platform(5) subTarget(0) extendedPlatform(0) -> platform(13) subTarget(524288) extendedPlatform(0)
Shader 'Oculus/OVRMRCameraFrameLit': fallback shader 'Alpha-Diffuse' not found
Refreshing native plugins compatible for Editor in 0.59 ms, found 4 plugins.
Preloading 1 native plugins for Editor in 0.09 ms.
Unloading 1718 Unused Serialized files (Serialized files now loaded: 0)
System memory in use before: 102.4 MB.
System memory in use after: 101.8 MB.

Unloading 43 unused Assets to reduce memory usage. Loaded Objects now: 2292.
Total: 1.774400 ms (FindLiveObjects: 0.157600 ms CreateObjectMapping: 0.069300 ms MarkObjects: 1.248500 ms  DeleteObjects: 0.298300 ms)

AssetImportParameters requested are different than current active one (requested -> active):
  custom:graphics/normal-map-encoding: 01000000000000000000000000000000 -> 02000000000000000000000000000000
========================================================================
Received Prepare
Registering precompiled user dll's ...
Registered in 0.004200 seconds.
Begin MonoManager ReloadAssembly
Native extension for WindowsStandalone target not found
Refreshing native plugins compatible for Editor in 0.54 ms, found 4 plugins.
Preloading 1 native plugins for Editor in 0.08 ms.
Mono: successfully reloaded assembly
- Completed reload, in  0.921 seconds
Platform modules already initialized, skipping
Switching build target platform(5) subTarget(0) extendedPlatform(0) -> platform(13) subTarget(524288) extendedPlatform(0)
Shader 'Oculus/OVRMRCameraFrameLit': fallback shader 'Alpha-Diffuse' not found
Refreshing native plugins compatible for Editor in 0.55 ms, found 4 plugins.
Preloading 1 native plugins for Editor in 0.08 ms.
Unloading 1718 Unused Serialized files (Serialized files now loaded: 0)
System memory in use before: 102.4 MB.
System memory in use after: 101.8 MB.

Unloading 43 unused Assets to reduce memory usage. Loaded Objects now: 2296.
Total: 1.767900 ms (FindLiveObjects: 0.152300 ms CreateObjectMapping: 0.051800 ms MarkObjects: 1.263100 ms  DeleteObjects: 0.300000 ms)

AssetImportParameters requested are different than current active one (requested -> active):
  custom:graphics/normal-map-encoding: 01000000000000000000000000000000 -> 02000000000000000000000000000000
========================================================================
Received Prepare
Shader 'Oculus/OVRMRCameraFrameLit': fallback shader 'Alpha-Diffuse' not found
Refreshing native plugins compatible for Editor in 10.06 ms, found 4 plugins.
Preloading 1 native plugins for Editor in 0.08 ms.
Unloading 40 Unused Serialized files (Serialized files now loaded: 0)
System memory in use before: 70.1 MB.
System memory in use after: 69.6 MB.

Unloading 40 unused Assets to reduce memory usage. Loaded Objects now: 2296.
Total: 1.952100 ms (FindLiveObjects: 0.158600 ms CreateObjectMapping: 0.052300 ms MarkObjects: 1.394000 ms  DeleteObjects: 0.346400 ms)

========================================================================
Received Prepare
Registering precompiled user dll's ...
Registered in 0.003734 seconds.
Begin MonoManager ReloadAssembly
Native extension for WindowsStandalone target not found
Refreshing native plugins compatible for Editor in 0.53 ms, found 4 plugins.
Preloading 1 native plugins for Editor in 0.08 ms.
Mono: successfully reloaded assembly
- Completed reload, in  0.926 seconds
Platform modules already initialized, skipping
Switching build target platform(5) subTarget(0) extendedPlatform(0) -> platform(13) subTarget(524288) extendedPlatform(0)
Shader 'Oculus/OVRMRCameraFrameLit': fallback shader 'Alpha-Diffuse' not found
Refreshing native plugins compatible for Editor in 0.58 ms, found 4 plugins.
Preloading 1 native plugins for Editor in 0.09 ms.
Unloading 1718 Unused Serialized files (Serialized files now loaded: 0)
System memory in use before: 102.4 MB.
System memory in use after: 101.8 MB.

Unloading 43 unused Assets to reduce memory usage. Loaded Objects now: 2300.
Total: 2.012400 ms (FindLiveObjects: 0.199800 ms CreateObjectMapping: 0.074600 ms MarkObjects: 1.391500 ms  DeleteObjects: 0.345300 ms)

AssetImportParameters requested are different than current active one (requested -> active):
  custom:graphics/normal-map-encoding: 01000000000000000000000000000000 -> 02000000000000000000000000000000
========================================================================
Received Prepare
Registering precompiled user dll's ...
Registered in 0.004907 seconds.
Begin MonoManager ReloadAssembly
Native extension for WindowsStandalone target not found
Refreshing native plugins compatible for Editor in 0.53 ms, found 4 plugins.
Preloading 1 native plugins for Editor in 0.08 ms.
Mono: successfully reloaded assembly
- Completed reload, in  0.881 seconds
Platform modules already initialized, skipping
Switching build target platform(5) subTarget(0) extendedPlatform(0) -> platform(13) subTarget(524288) extendedPlatform(0)
Shader 'Oculus/OVRMRCameraFrameLit': fallback shader 'Alpha-Diffuse' not found
Refreshing native plugins compatible for Editor in 0.52 ms, found 4 plugins.
Preloading 1 native plugins for Editor in 0.09 ms.
Unloading 1718 Unused Serialized files (Serialized files now loaded: 0)
System memory in use before: 102.4 MB.
System memory in use after: 101.8 MB.

Unloading 43 unused Assets to reduce memory usage. Loaded Objects now: 2304.
Total: 1.796400 ms (FindLiveObjects: 0.157600 ms CreateObjectMapping: 0.053100 ms MarkObjects: 1.275800 ms  DeleteObjects: 0.308900 ms)

AssetImportParameters requested are different than current active one (requested -> active):
  custom:graphics/normal-map-encoding: 01000000000000000000000000000000 -> 02000000000000000000000000000000
========================================================================
Received Prepare
Shader 'Oculus/OVRMRCameraFrameLit': fallback shader 'Alpha-Diffuse' not found
Refreshing native plugins compatible for Editor in 10.23 ms, found 4 plugins.
Preloading 1 native plugins for Editor in 0.08 ms.
Unloading 40 Unused Serialized files (Serialized files now loaded: 0)
System memory in use before: 70.2 MB.
System memory in use after: 69.6 MB.

Unloading 40 unused Assets to reduce memory usage. Loaded Objects now: 2304.
Total: 1.827100 ms (FindLiveObjects: 0.175200 ms CreateObjectMapping: 0.060800 ms MarkObjects: 1.271000 ms  DeleteObjects: 0.319500 ms)

========================================================================
Received Prepare
Registering precompiled user dll's ...
Registered in 0.003970 seconds.
Begin MonoManager ReloadAssembly
Native extension for WindowsStandalone target not found
Refreshing native plugins compatible for Editor in 0.53 ms, found 4 plugins.
Preloading 1 native plugins for Editor in 0.09 ms.
Mono: successfully reloaded assembly
- Completed reload, in  0.909 seconds
Platform modules already initialized, skipping
Switching build target platform(5) subTarget(0) extendedPlatform(0) -> platform(13) subTarget(524288) extendedPlatform(0)
Shader 'Oculus/OVRMRCameraFrameLit': fallback shader 'Alpha-Diffuse' not found
Refreshing native plugins compatible for Editor in 0.53 ms, found 4 plugins.
Preloading 1 native plugins for Editor in 0.08 ms.
Unloading 1718 Unused Serialized files (Serialized files now loaded: 0)
System memory in use before: 102.4 MB.
System memory in use after: 101.9 MB.

Unloading 43 unused Assets to reduce memory usage. Loaded Objects now: 2308.
Total: 1.920200 ms (FindLiveObjects: 0.153900 ms CreateObjectMapping: 0.054900 ms MarkObjects: 1.408300 ms  DeleteObjects: 0.302100 ms)

AssetImportParameters requested are different than current active one (requested -> active):
  custom:graphics/normal-map-encoding: 01000000000000000000000000000000 -> 02000000000000000000000000000000
========================================================================
Received Prepare
Shader 'Oculus/OVRMRCameraFrameLit': fallback shader 'Alpha-Diffuse' not found
Refreshing native plugins compatible for Editor in 10.54 ms, found 4 plugins.
Preloading 1 native plugins for Editor in 0.08 ms.
Unloading 40 Unused Serialized files (Serialized files now loaded: 0)
System memory in use before: 70.2 MB.
System memory in use after: 69.6 MB.

Unloading 40 unused Assets to reduce memory usage. Loaded Objects now: 2308.
Total: 1.976700 ms (FindLiveObjects: 0.190400 ms CreateObjectMapping: 0.069400 ms MarkObjects: 1.372800 ms  DeleteObjects: 0.343600 ms)

========================================================================
Received Prepare
Registering precompiled user dll's ...
Registered in 0.005827 seconds.
Begin MonoManager ReloadAssembly
Native extension for WindowsStandalone target not found
Refreshing native plugins compatible for Editor in 0.54 ms, found 4 plugins.
Preloading 1 native plugins for Editor in 0.10 ms.
Mono: successfully reloaded assembly
- Completed reload, in  0.916 seconds
Platform modules already initialized, skipping
Switching build target platform(5) subTarget(0) extendedPlatform(0) -> platform(13) subTarget(524288) extendedPlatform(0)
Shader 'Oculus/OVRMRCameraFrameLit': fallback shader 'Alpha-Diffuse' not found
Refreshing native plugins compatible for Editor in 0.53 ms, found 4 plugins.
Preloading 1 native plugins for Editor in 0.09 ms.
Unloading 1718 Unused Serialized files (Serialized files now loaded: 0)
System memory in use before: 102.4 MB.
System memory in use after: 101.9 MB.

Unloading 43 unused Assets to reduce memory usage. Loaded Objects now: 2312.
Total: 1.852700 ms (FindLiveObjects: 0.191400 ms CreateObjectMapping: 0.068300 ms MarkObjects: 1.289000 ms  DeleteObjects: 0.303200 ms)

AssetImportParameters requested are different than current active one (requested -> active):
  custom:graphics/normal-map-encoding: 01000000000000000000000000000000 -> 02000000000000000000000000000000
========================================================================
Received Prepare
Registering precompiled user dll's ...
Registered in 0.003587 seconds.
Begin MonoManager ReloadAssembly
Native extension for WindowsStandalone target not found
Refreshing native plugins compatible for Editor in 0.57 ms, found 4 plugins.
Preloading 1 native plugins for Editor in 0.09 ms.
Mono: successfully reloaded assembly
- Completed reload, in  0.912 seconds
Platform modules already initialized, skipping
Switching build target platform(5) subTarget(0) extendedPlatform(0) -> platform(13) subTarget(524288) extendedPlatform(0)
Shader 'Oculus/OVRMRCameraFrameLit': fallback shader 'Alpha-Diffuse' not found
Refreshing native plugins compatible for Editor in 0.53 ms, found 4 plugins.
Preloading 1 native plugins for Editor in 0.09 ms.
Unloading 1718 Unused Serialized files (Serialized files now loaded: 0)
System memory in use before: 102.4 MB.
System memory in use after: 101.9 MB.

Unloading 43 unused Assets to reduce memory usage. Loaded Objects now: 2316.
Total: 1.868700 ms (FindLiveObjects: 0.182800 ms CreateObjectMapping: 0.066200 ms MarkObjects: 1.317500 ms  DeleteObjects: 0.301400 ms)

AssetImportParameters requested are different than current active one (requested -> active):
  custom:graphics/normal-map-encoding: 01000000000000000000000000000000 -> 02000000000000000000000000000000
========================================================================
Received Prepare
Shader 'Oculus/OVRMRCameraFrameLit': fallback shader 'Alpha-Diffuse' not found
Refreshing native plugins compatible for Editor in 11.35 ms, found 4 plugins.
Preloading 1 native plugins for Editor in 0.09 ms.
Unloading 40 Unused Serialized files (Serialized files now loaded: 0)
System memory in use before: 70.2 MB.
System memory in use after: 69.6 MB.

Unloading 40 unused Assets to reduce memory usage. Loaded Objects now: 2316.
Total: 1.770800 ms (FindLiveObjects: 0.157100 ms CreateObjectMapping: 0.050900 ms MarkObjects: 1.241800 ms  DeleteObjects: 0.320300 ms)

========================================================================
Received Import Request.
  Time since last request: 1570.651515 seconds.
  path: ProjectSettings/TagManager.asset
  artifactKey: Guid(00000000000000003000000000000000) Importer(815301076,1909f56bfc062723c751e8b465ee728b)
Start importing ProjectSettings/TagManager.asset using Guid(00000000000000003000000000000000) Importer(815301076,1909f56bfc062723c751e8b465ee728b)  -> (artifact id: '7aeb6497ff763f3bfdcff102da2f51d1') in 0.015303 seconds
  Import took 0.019008 seconds .

========================================================================
Received Prepare
Shader 'Oculus/OVRMRCameraFrameLit': fallback shader 'Alpha-Diffuse' not found
Refreshing native plugins compatible for Editor in 10.35 ms, found 4 plugins.
Preloading 1 native plugins for Editor in 0.09 ms.
Unloading 40 Unused Serialized files (Serialized files now loaded: 0)
System memory in use before: 70.2 MB.
System memory in use after: 69.6 MB.

Unloading 41 unused Assets to reduce memory usage. Loaded Objects now: 2316.
Total: 2.694200 ms (FindLiveObjects: 0.169500 ms CreateObjectMapping: 0.054400 ms MarkObjects: 2.135100 ms  DeleteObjects: 0.334500 ms)

========================================================================
Received Prepare
Shader 'Oculus/OVRMRCameraFrameLit': fallback shader 'Alpha-Diffuse' not found
Refreshing native plugins compatible for Editor in 10.35 ms, found 4 plugins.
Preloading 1 native plugins for Editor in 0.08 ms.
Unloading 40 Unused Serialized files (Serialized files now loaded: 0)
System memory in use before: 70.2 MB.
System memory in use after: 69.6 MB.

Unloading 40 unused Assets to reduce memory usage. Loaded Objects now: 2316.
Total: 2.108300 ms (FindLiveObjects: 0.188600 ms CreateObjectMapping: 0.051800 ms MarkObjects: 1.554600 ms  DeleteObjects: 0.312300 ms)

========================================================================
Received Prepare
Shader 'Oculus/OVRMRCameraFrameLit': fallback shader 'Alpha-Diffuse' not found
Refreshing native plugins compatible for Editor in 10.57 ms, found 4 plugins.
Preloading 1 native plugins for Editor in 0.08 ms.
Unloading 40 Unused Serialized files (Serialized files now loaded: 0)
System memory in use before: 70.2 MB.
System memory in use after: 69.6 MB.

Unloading 40 unused Assets to reduce memory usage. Loaded Objects now: 2316.
Total: 2.393100 ms (FindLiveObjects: 0.184600 ms CreateObjectMapping: 0.065000 ms MarkObjects: 1.831200 ms  DeleteObjects: 0.311800 ms)

========================================================================
Received Prepare
Shader 'Oculus/OVRMRCameraFrameLit': fallback shader 'Alpha-Diffuse' not found
Refreshing native plugins compatible for Editor in 9.88 ms, found 4 plugins.
Preloading 1 native plugins for Editor in 0.08 ms.
Unloading 40 Unused Serialized files (Serialized files now loaded: 0)
System memory in use before: 70.2 MB.
System memory in use after: 69.6 MB.

Unloading 40 unused Assets to reduce memory usage. Loaded Objects now: 2316.
Total: 2.521500 ms (FindLiveObjects: 0.211700 ms CreateObjectMapping: 0.061300 ms MarkObjects: 1.920500 ms  DeleteObjects: 0.326500 ms)

========================================================================
Received Prepare
Shader 'Oculus/OVRMRCameraFrameLit': fallback shader 'Alpha-Diffuse' not found
Refreshing native plugins compatible for Editor in 10.07 ms, found 4 plugins.
Preloading 1 native plugins for Editor in 0.08 ms.
Unloading 40 Unused Serialized files (Serialized files now loaded: 0)
System memory in use before: 70.2 MB.
System memory in use after: 69.6 MB.

Unloading 40 unused Assets to reduce memory usage. Loaded Objects now: 2316.
Total: 2.305300 ms (FindLiveObjects: 0.163200 ms CreateObjectMapping: 0.056200 ms MarkObjects: 1.760100 ms  DeleteObjects: 0.325100 ms)

========================================================================
Received Prepare
Shader 'Oculus/OVRMRCameraFrameLit': fallback shader 'Alpha-Diffuse' not found
Refreshing native plugins compatible for Editor in 11.04 ms, found 4 plugins.
Preloading 1 native plugins for Editor in 0.08 ms.
Unloading 40 Unused Serialized files (Serialized files now loaded: 0)
System memory in use before: 70.2 MB.
System memory in use after: 69.6 MB.

Unloading 40 unused Assets to reduce memory usage. Loaded Objects now: 2316.
Total: 2.625500 ms (FindLiveObjects: 0.220000 ms CreateObjectMapping: 0.064700 ms MarkObjects: 1.969100 ms  DeleteObjects: 0.370900 ms)

========================================================================
Received Prepare
Shader 'Oculus/OVRMRCameraFrameLit': fallback shader 'Alpha-Diffuse' not found
Refreshing native plugins compatible for Editor in 10.16 ms, found 4 plugins.
Preloading 1 native plugins for Editor in 0.07 ms.
Unloading 40 Unused Serialized files (Serialized files now loaded: 0)
System memory in use before: 70.2 MB.
System memory in use after: 69.6 MB.

Unloading 40 unused Assets to reduce memory usage. Loaded Objects now: 2316.
Total: 2.542200 ms (FindLiveObjects: 0.169400 ms CreateObjectMapping: 0.052200 ms MarkObjects: 2.001500 ms  DeleteObjects: 0.318200 ms)

========================================================================
Received Prepare
Shader 'Oculus/OVRMRCameraFrameLit': fallback shader 'Alpha-Diffuse' not found
Refreshing native plugins compatible for Editor in 10.14 ms, found 4 plugins.
Preloading 1 native plugins for Editor in 0.08 ms.
Unloading 40 Unused Serialized files (Serialized files now loaded: 0)
System memory in use before: 70.2 MB.
System memory in use after: 69.6 MB.

Unloading 40 unused Assets to reduce memory usage. Loaded Objects now: 2316.
Total: 2.080400 ms (FindLiveObjects: 0.166700 ms CreateObjectMapping: 0.052100 ms MarkObjects: 1.543900 ms  DeleteObjects: 0.317000 ms)

========================================================================
Received Prepare
Registering precompiled user dll's ...
Registered in 0.003736 seconds.
Begin MonoManager ReloadAssembly
Native extension for WindowsStandalone target not found
Refreshing native plugins compatible for Editor in 0.54 ms, found 4 plugins.
Preloading 1 native plugins for Editor in 0.09 ms.
Mono: successfully reloaded assembly
- Completed reload, in  0.939 seconds
Platform modules already initialized, skipping
Switching build target platform(5) subTarget(0) extendedPlatform(0) -> platform(13) subTarget(524288) extendedPlatform(0)
Shader 'Oculus/OVRMRCameraFrameLit': fallback shader 'Alpha-Diffuse' not found
Refreshing native plugins compatible for Editor in 0.52 ms, found 4 plugins.
Preloading 1 native plugins for Editor in 0.09 ms.
Unloading 1718 Unused Serialized files (Serialized files now loaded: 0)
System memory in use before: 102.5 MB.
System memory in use after: 101.9 MB.

Unloading 43 unused Assets to reduce memory usage. Loaded Objects now: 2320.
Total: 1.809200 ms (FindLiveObjects: 0.172200 ms CreateObjectMapping: 0.051000 ms MarkObjects: 1.293400 ms  DeleteObjects: 0.291900 ms)

AssetImportParameters requested are different than current active one (requested -> active):
  custom:graphics/normal-map-encoding: 01000000000000000000000000000000 -> 02000000000000000000000000000000
========================================================================
Received Prepare
Shader 'Oculus/OVRMRCameraFrameLit': fallback shader 'Alpha-Diffuse' not found
Refreshing native plugins compatible for Editor in 10.41 ms, found 4 plugins.
Preloading 1 native plugins for Editor in 0.09 ms.
Unloading 40 Unused Serialized files (Serialized files now loaded: 0)
System memory in use before: 70.2 MB.
System memory in use after: 69.6 MB.

Unloading 40 unused Assets to reduce memory usage. Loaded Objects now: 2320.
Total: 1.811200 ms (FindLiveObjects: 0.160400 ms CreateObjectMapping: 0.055300 ms MarkObjects: 1.274200 ms  DeleteObjects: 0.320700 ms)

========================================================================
Received Prepare
Registering precompiled user dll's ...
Registered in 0.003778 seconds.
Begin MonoManager ReloadAssembly
Native extension for WindowsStandalone target not found
Refreshing native plugins compatible for Editor in 0.54 ms, found 4 plugins.
Preloading 1 native plugins for Editor in 0.08 ms.
Mono: successfully reloaded assembly
- Completed reload, in  0.982 seconds
Platform modules already initialized, skipping
Switching build target platform(5) subTarget(0) extendedPlatform(0) -> platform(13) subTarget(524288) extendedPlatform(0)
Shader 'Oculus/OVRMRCameraFrameLit': fallback shader 'Alpha-Diffuse' not found
Refreshing native plugins compatible for Editor in 0.52 ms, found 4 plugins.
Preloading 1 native plugins for Editor in 0.08 ms.
Unloading 1718 Unused Serialized files (Serialized files now loaded: 0)
System memory in use before: 102.5 MB.
System memory in use after: 101.9 MB.

Unloading 43 unused Assets to reduce memory usage. Loaded Objects now: 2324.
Total: 1.898700 ms (FindLiveObjects: 0.165100 ms CreateObjectMapping: 0.049500 ms MarkObjects: 1.389600 ms  DeleteObjects: 0.293900 ms)

AssetImportParameters requested are different than current active one (requested -> active):
  custom:graphics/normal-map-encoding: 01000000000000000000000000000000 -> 02000000000000000000000000000000
========================================================================
Received Prepare
Registering precompiled user dll's ...
Registered in 0.003950 seconds.
Begin MonoManager ReloadAssembly
Native extension for WindowsStandalone target not found
Refreshing native plugins compatible for Editor in 0.54 ms, found 4 plugins.
Preloading 1 native plugins for Editor in 0.09 ms.
Mono: successfully reloaded assembly
- Completed reload, in  0.959 seconds
Platform modules already initialized, skipping
Switching build target platform(5) subTarget(0) extendedPlatform(0) -> platform(13) subTarget(524288) extendedPlatform(0)
Shader 'Oculus/OVRMRCameraFrameLit': fallback shader 'Alpha-Diffuse' not found
Refreshing native plugins compatible for Editor in 0.59 ms, found 4 plugins.
Preloading 1 native plugins for Editor in 0.10 ms.
Unloading 1718 Unused Serialized files (Serialized files now loaded: 0)
System memory in use before: 102.5 MB.
System memory in use after: 101.9 MB.

Unloading 43 unused Assets to reduce memory usage. Loaded Objects now: 2328.
Total: 1.801300 ms (FindLiveObjects: 0.169100 ms CreateObjectMapping: 0.054600 ms MarkObjects: 1.274800 ms  DeleteObjects: 0.301900 ms)

AssetImportParameters requested are different than current active one (requested -> active):
  custom:graphics/normal-map-encoding: 01000000000000000000000000000000 -> 02000000000000000000000000000000
========================================================================
Received Prepare
Shader 'Oculus/OVRMRCameraFrameLit': fallback shader 'Alpha-Diffuse' not found
Refreshing native plugins compatible for Editor in 10.72 ms, found 4 plugins.
Preloading 1 native plugins for Editor in 0.08 ms.
Unloading 40 Unused Serialized files (Serialized files now loaded: 0)
System memory in use before: 70.2 MB.
System memory in use after: 69.6 MB.

Unloading 40 unused Assets to reduce memory usage. Loaded Objects now: 2328.
Total: 1.859100 ms (FindLiveObjects: 0.186600 ms CreateObjectMapping: 0.051800 ms MarkObjects: 1.310500 ms  DeleteObjects: 0.309600 ms)

========================================================================
Received Prepare
Registering precompiled user dll's ...
Registered in 0.004280 seconds.
Begin MonoManager ReloadAssembly
Native extension for WindowsStandalone target not found
Refreshing native plugins compatible for Editor in 0.54 ms, found 4 plugins.
Preloading 1 native plugins for Editor in 0.09 ms.
Mono: successfully reloaded assembly
- Completed reload, in  0.984 seconds
Platform modules already initialized, skipping
Switching build target platform(5) subTarget(0) extendedPlatform(0) -> platform(13) subTarget(524288) extendedPlatform(0)
Shader 'Oculus/OVRMRCameraFrameLit': fallback shader 'Alpha-Diffuse' not found
Refreshing native plugins compatible for Editor in 0.65 ms, found 4 plugins.
Preloading 1 native plugins for Editor in 0.11 ms.
Unloading 1718 Unused Serialized files (Serialized files now loaded: 0)
System memory in use before: 102.5 MB.
System memory in use after: 101.9 MB.

Unloading 43 unused Assets to reduce memory usage. Loaded Objects now: 2332.
Total: 2.029000 ms (FindLiveObjects: 0.150900 ms CreateObjectMapping: 0.052900 ms MarkObjects: 1.508900 ms  DeleteObjects: 0.315200 ms)

AssetImportParameters requested are different than current active one (requested -> active):
  custom:graphics/normal-map-encoding: 01000000000000000000000000000000 -> 02000000000000000000000000000000
========================================================================
Received Prepare
Shader 'Oculus/OVRMRCameraFrameLit': fallback shader 'Alpha-Diffuse' not found
Refreshing native plugins compatible for Editor in 10.74 ms, found 4 plugins.
Preloading 1 native plugins for Editor in 0.09 ms.
Unloading 40 Unused Serialized files (Serialized files now loaded: 0)
System memory in use before: 70.2 MB.
System memory in use after: 69.7 MB.

Unloading 40 unused Assets to reduce memory usage. Loaded Objects now: 2332.
Total: 2.237900 ms (FindLiveObjects: 0.260800 ms CreateObjectMapping: 0.113200 ms MarkObjects: 1.538100 ms  DeleteObjects: 0.324900 ms)

========================================================================
Received Prepare
Registering precompiled user dll's ...
Registered in 0.003874 seconds.
Begin MonoManager ReloadAssembly
Native extension for WindowsStandalone target not found
Refreshing native plugins compatible for Editor in 0.96 ms, found 4 plugins.
Preloading 1 native plugins for Editor in 0.13 ms.
Mono: successfully reloaded assembly
- Completed reload, in  1.005 seconds
Platform modules already initialized, skipping
Switching build target platform(5) subTarget(0) extendedPlatform(0) -> platform(13) subTarget(524288) extendedPlatform(0)
Shader 'Oculus/OVRMRCameraFrameLit': fallback shader 'Alpha-Diffuse' not found
Refreshing native plugins compatible for Editor in 0.53 ms, found 4 plugins.
Preloading 1 native plugins for Editor in 0.08 ms.
Unloading 1718 Unused Serialized files (Serialized files now loaded: 0)
System memory in use before: 102.5 MB.
System memory in use after: 101.9 MB.

Unloading 43 unused Assets to reduce memory usage. Loaded Objects now: 2336.
Total: 1.975800 ms (FindLiveObjects: 0.144600 ms CreateObjectMapping: 0.050200 ms MarkObjects: 1.485100 ms  DeleteObjects: 0.295200 ms)

AssetImportParameters requested are different than current active one (requested -> active):
  custom:graphics/normal-map-encoding: 01000000000000000000000000000000 -> 02000000000000000000000000000000
========================================================================
Received Prepare
Registering precompiled user dll's ...
Registered in 0.003679 seconds.
Begin MonoManager ReloadAssembly
Native extension for WindowsStandalone target not found
Refreshing native plugins compatible for Editor in 0.54 ms, found 4 plugins.
Preloading 1 native plugins for Editor in 0.08 ms.
Mono: successfully reloaded assembly
- Completed reload, in  1.028 seconds
Platform modules already initialized, skipping
Switching build target platform(5) subTarget(0) extendedPlatform(0) -> platform(13) subTarget(524288) extendedPlatform(0)
Shader 'Oculus/OVRMRCameraFrameLit': fallback shader 'Alpha-Diffuse' not found
Refreshing native plugins compatible for Editor in 0.54 ms, found 4 plugins.
Preloading 1 native plugins for Editor in 0.09 ms.
Unloading 1718 Unused Serialized files (Serialized files now loaded: 0)
System memory in use before: 102.5 MB.
System memory in use after: 101.9 MB.

Unloading 43 unused Assets to reduce memory usage. Loaded Objects now: 2340.
Total: 1.979300 ms (FindLiveObjects: 0.164600 ms CreateObjectMapping: 0.050000 ms MarkObjects: 1.466400 ms  DeleteObjects: 0.297600 ms)

AssetImportParameters requested are different than current active one (requested -> active):
  custom:graphics/normal-map-encoding: 01000000000000000000000000000000 -> 02000000000000000000000000000000
========================================================================
Received Prepare
Shader 'Oculus/OVRMRCameraFrameLit': fallback shader 'Alpha-Diffuse' not found
Refreshing native plugins compatible for Editor in 10.09 ms, found 4 plugins.
Preloading 1 native plugins for Editor in 0.07 ms.
Unloading 40 Unused Serialized files (Serialized files now loaded: 0)
System memory in use before: 70.2 MB.
System memory in use after: 69.7 MB.

Unloading 40 unused Assets to reduce memory usage. Loaded Objects now: 2340.
Total: 2.009100 ms (FindLiveObjects: 0.151000 ms CreateObjectMapping: 0.050800 ms MarkObjects: 1.495400 ms  DeleteObjects: 0.311400 ms)

========================================================================
Received Prepare
Registering precompiled user dll's ...
Registered in 0.003795 seconds.
Begin MonoManager ReloadAssembly
Native extension for WindowsStandalone target not found
Refreshing native plugins compatible for Editor in 0.57 ms, found 4 plugins.
Preloading 1 native plugins for Editor in 0.10 ms.
Mono: successfully reloaded assembly
- Completed reload, in  1.019 seconds
Platform modules already initialized, skipping
Switching build target platform(5) subTarget(0) extendedPlatform(0) -> platform(13) subTarget(524288) extendedPlatform(0)
Shader 'Oculus/OVRMRCameraFrameLit': fallback shader 'Alpha-Diffuse' not found
Refreshing native plugins compatible for Editor in 0.56 ms, found 4 plugins.
Preloading 1 native plugins for Editor in 0.09 ms.
Unloading 1718 Unused Serialized files (Serialized files now loaded: 0)
System memory in use before: 102.5 MB.
System memory in use after: 101.9 MB.

Unloading 43 unused Assets to reduce memory usage. Loaded Objects now: 2344.
Total: 2.430400 ms (FindLiveObjects: 0.391000 ms CreateObjectMapping: 0.163900 ms MarkObjects: 1.559900 ms  DeleteObjects: 0.314600 ms)

AssetImportParameters requested are different than current active one (requested -> active):
  custom:graphics/normal-map-encoding: 01000000000000000000000000000000 -> 02000000000000000000000000000000
AssetImportWorkerClient::OnTransportError - code=2 error=End of file
