Using pre-set license
Built from '2020.3/staging' branch; Version is '2020.3.8f1 (507919d4fff5) revision 5273881'; Using compiler version '192528614'; Build Type 'Release'
OS: 'Windows 10 Home; OS build 19043.985; Version 2009; 64bit' Language: 'ko' Physical Memory: 32706 MB
BatchMode: 1, IsHumanControllingUs: 0, StartBugReporterOnCrash: 0, Is64bit: 1, IsPro: 0

 COMMAND LINE ARGUMENTS:
C:\Program Files\Unity\Hub\Editor\2020.3.8f1\Editor\Unity.exe
-adb2
-batchMode
-noUpm
-name
AssetImportWorker0
-projectPath
C:/Users/user/Desktop/workspace/Unity/git/OQ2/OQ2_RayInteraction_03
-logFile
Logs/AssetImportWorker0.log
-srvPort
2843
Successfully changed project path to: C:/Users/user/Desktop/workspace/Unity/git/OQ2/OQ2_RayInteraction_03
C:/Users/user/Desktop/workspace/Unity/git/OQ2/OQ2_RayInteraction_03
Using Asset Import Pipeline V2.
Refreshing native plugins compatible for Editor in 52.41 ms, found 4 plugins.
Preloading 1 native plugins for Editor in 0.94 ms.
Initialize engine version: 2020.3.8f1 (507919d4fff5)
[Subsystems] Discovering subsystems at path C:/Program Files/Unity/Hub/Editor/2020.3.8f1/Editor/Data/Resources/UnitySubsystems
[Subsystems] Discovering subsystems at path C:/Users/user/Desktop/workspace/Unity/git/OQ2/OQ2_RayInteraction_03/Assets
GfxDevice: creating device client; threaded=0
Direct3D:
    Version:  Direct3D 11.0 [level 11.1]
    Renderer: Radeon RX 5500 XT (ID=0x7340)
    Vendor:   
    VRAM:     8152 MB
    Driver:   27.20.14501.18003
Shader 'Oculus/OVRMRCameraFrameLit': fallback shader 'Alpha-Diffuse' not found
Initialize mono
Mono path[0] = 'C:/Program Files/Unity/Hub/Editor/2020.3.8f1/Editor/Data/Managed'
Mono path[1] = 'C:/Program Files/Unity/Hub/Editor/2020.3.8f1/Editor/Data/MonoBleedingEdge/lib/mono/unityjit'
Mono config path = 'C:/Program Files/Unity/Hub/Editor/2020.3.8f1/Editor/Data/MonoBleedingEdge/etc'
Using monoOptions --debugger-agent=transport=dt_socket,embedding=1,server=y,suspend=n,address=127.0.0.1:56652
Begin MonoManager ReloadAssembly
Registering precompiled unity dll's ...
Register platform support module: C:/Program Files/Unity/Hub/Editor/2020.3.8f1/Editor/Data/PlaybackEngines/WindowsStandaloneSupport/UnityEditor.WindowsStandalone.Extensions.dll
Registered in 0.002772 seconds.
Native extension for WindowsStandalone target not found
Refreshing native plugins compatible for Editor in 41.73 ms, found 4 plugins.
Preloading 1 native plugins for Editor in 0.09 ms.
Mono: successfully reloaded assembly
- Completed reload, in  1.782 seconds
Platform modules already initialized, skipping
Registering precompiled user dll's ...
Registered in 0.004784 seconds.
Begin MonoManager ReloadAssembly
Native extension for WindowsStandalone target not found
Refreshing native plugins compatible for Editor in 0.52 ms, found 4 plugins.
Preloading 1 native plugins for Editor in 0.09 ms.
[XR] OculusXRPlugin: registering subsystems
[XR] Unable to register display lifecyle provider: [1]
[XR] Oculus Input lifecycle provider registered.
[XR] Unable to register input lifecyle provider: [1]
[XR] OVRP version 1.61.0
Mono: successfully reloaded assembly
- Completed reload, in  0.794 seconds
Platform modules already initialized, skipping
========================================================================
Worker process is ready to serve import requests
Shader 'Oculus/OVRMRCameraFrameLit': fallback shader 'Alpha-Diffuse' not found
Launched and connected shader compiler UnityShaderCompiler.exe after 0.04 seconds
Refreshing native plugins compatible for Editor in 0.53 ms, found 4 plugins.
Preloading 1 native plugins for Editor in 0.08 ms.
Unloading 1777 Unused Serialized files (Serialized files now loaded: 0)
System memory in use before: 91.5 MB.
System memory in use after: 91.5 MB.

Unloading 35 unused Assets to reduce memory usage. Loaded Objects now: 2201.
Total: 1.822600 ms (FindLiveObjects: 0.260800 ms CreateObjectMapping: 0.086600 ms MarkObjects: 1.384400 ms  DeleteObjects: 0.089900 ms)

========================================================================
Received Import Request.
  path: Assets/Scripts/DetectLaserOnLayer.cs
  artifactKey: Guid(66dceaf29c36fd34da8b8ec078f8a8ac) Importer(815301076,1909f56bfc062723c751e8b465ee728b)
Start importing Assets/Scripts/DetectLaserOnLayer.cs using Guid(66dceaf29c36fd34da8b8ec078f8a8ac) Importer(815301076,1909f56bfc062723c751e8b465ee728b)  -> (artifact id: 'e3a1e55c31764939b9e8bc6a9fcb03a6') in 0.018689 seconds
  Import took 0.020889 seconds .

========================================================================
Received Import Request.
  Time since last request: 48.182863 seconds.
  path: Assets/Scripts/DetectLaserOnLayer.cs
  artifactKey: Guid(66dceaf29c36fd34da8b8ec078f8a8ac) Importer(815301076,1909f56bfc062723c751e8b465ee728b)
Start importing Assets/Scripts/DetectLaserOnLayer.cs using Guid(66dceaf29c36fd34da8b8ec078f8a8ac) Importer(815301076,1909f56bfc062723c751e8b465ee728b)  -> (artifact id: 'a706cdf9dc9d70d213d52e877542c96a') in 0.003000 seconds
  Import took 0.005362 seconds .

========================================================================
Received Prepare
Registering precompiled user dll's ...
Registered in 0.003519 seconds.
Begin MonoManager ReloadAssembly
Native extension for WindowsStandalone target not found
Refreshing native plugins compatible for Editor in 0.54 ms, found 4 plugins.
Preloading 1 native plugins for Editor in 0.08 ms.
Mono: successfully reloaded assembly
- Completed reload, in  0.729 seconds
Platform modules already initialized, skipping
Switching build target platform(5) subTarget(0) extendedPlatform(0) -> platform(13) subTarget(524288) extendedPlatform(0)
Shader 'Oculus/OVRMRCameraFrameLit': fallback shader 'Alpha-Diffuse' not found
Refreshing native plugins compatible for Editor in 0.53 ms, found 4 plugins.
Preloading 1 native plugins for Editor in 0.08 ms.
Unloading 1705 Unused Serialized files (Serialized files now loaded: 0)
System memory in use before: 84.1 MB.
System memory in use after: 84.2 MB.

Unloading 30 unused Assets to reduce memory usage. Loaded Objects now: 2205.
Total: 1.427300 ms (FindLiveObjects: 0.149100 ms CreateObjectMapping: 0.052400 ms MarkObjects: 1.182200 ms  DeleteObjects: 0.042800 ms)

AssetImportParameters requested are different than current active one (requested -> active):
  custom:graphics/normal-map-encoding: 01000000000000000000000000000000 -> 02000000000000000000000000000000
========================================================================
Received Prepare
Shader 'Oculus/OVRMRCameraFrameLit': fallback shader 'Alpha-Diffuse' not found
Refreshing native plugins compatible for Editor in 11.94 ms, found 4 plugins.
Preloading 1 native plugins for Editor in 0.08 ms.
Unloading 27 Unused Serialized files (Serialized files now loaded: 0)
System memory in use before: 52.1 MB.
System memory in use after: 52.2 MB.

Unloading 27 unused Assets to reduce memory usage. Loaded Objects now: 2205.
Total: 1.595600 ms (FindLiveObjects: 0.173800 ms CreateObjectMapping: 0.064500 ms MarkObjects: 1.302900 ms  DeleteObjects: 0.053800 ms)

========================================================================
Received Prepare
Shader 'Oculus/OVRMRCameraFrameLit': fallback shader 'Alpha-Diffuse' not found
Refreshing native plugins compatible for Editor in 10.05 ms, found 4 plugins.
Preloading 1 native plugins for Editor in 0.08 ms.
Unloading 27 Unused Serialized files (Serialized files now loaded: 0)
System memory in use before: 52.1 MB.
System memory in use after: 52.2 MB.

Unloading 27 unused Assets to reduce memory usage. Loaded Objects now: 2205.
Total: 1.998600 ms (FindLiveObjects: 0.164700 ms CreateObjectMapping: 0.053600 ms MarkObjects: 1.723500 ms  DeleteObjects: 0.056100 ms)

========================================================================
Received Prepare
Shader 'Oculus/OVRMRCameraFrameLit': fallback shader 'Alpha-Diffuse' not found
Refreshing native plugins compatible for Editor in 10.43 ms, found 4 plugins.
Preloading 1 native plugins for Editor in 0.09 ms.
Unloading 27 Unused Serialized files (Serialized files now loaded: 0)
System memory in use before: 52.1 MB.
System memory in use after: 52.2 MB.

Unloading 27 unused Assets to reduce memory usage. Loaded Objects now: 2205.
Total: 2.173200 ms (FindLiveObjects: 0.172900 ms CreateObjectMapping: 0.062100 ms MarkObjects: 1.878000 ms  DeleteObjects: 0.059400 ms)

========================================================================
Received Prepare
Registering precompiled user dll's ...
Registered in 0.004117 seconds.
Begin MonoManager ReloadAssembly
Native extension for WindowsStandalone target not found
Refreshing native plugins compatible for Editor in 0.53 ms, found 4 plugins.
Preloading 1 native plugins for Editor in 0.11 ms.
Mono: successfully reloaded assembly
- Completed reload, in  0.745 seconds
Platform modules already initialized, skipping
Switching build target platform(5) subTarget(0) extendedPlatform(0) -> platform(13) subTarget(524288) extendedPlatform(0)
Shader 'Oculus/OVRMRCameraFrameLit': fallback shader 'Alpha-Diffuse' not found
Refreshing native plugins compatible for Editor in 0.53 ms, found 4 plugins.
Preloading 1 native plugins for Editor in 0.08 ms.
Unloading 1705 Unused Serialized files (Serialized files now loaded: 0)
System memory in use before: 84.2 MB.
System memory in use after: 84.3 MB.

Unloading 30 unused Assets to reduce memory usage. Loaded Objects now: 2209.
Total: 1.517700 ms (FindLiveObjects: 0.146500 ms CreateObjectMapping: 0.051100 ms MarkObjects: 1.271000 ms  DeleteObjects: 0.048300 ms)

AssetImportParameters requested are different than current active one (requested -> active):
  custom:graphics/normal-map-encoding: 01000000000000000000000000000000 -> 02000000000000000000000000000000
========================================================================
Received Prepare
Registering precompiled user dll's ...
Registered in 0.003722 seconds.
Begin MonoManager ReloadAssembly
Native extension for WindowsStandalone target not found
Refreshing native plugins compatible for Editor in 0.53 ms, found 4 plugins.
Preloading 1 native plugins for Editor in 0.09 ms.
Mono: successfully reloaded assembly
- Completed reload, in  0.749 seconds
Platform modules already initialized, skipping
Switching build target platform(5) subTarget(0) extendedPlatform(0) -> platform(13) subTarget(524288) extendedPlatform(0)
Shader 'Oculus/OVRMRCameraFrameLit': fallback shader 'Alpha-Diffuse' not found
Refreshing native plugins compatible for Editor in 0.53 ms, found 4 plugins.
Preloading 1 native plugins for Editor in 0.08 ms.
Unloading 1705 Unused Serialized files (Serialized files now loaded: 0)
System memory in use before: 84.2 MB.
System memory in use after: 84.3 MB.

Unloading 30 unused Assets to reduce memory usage. Loaded Objects now: 2213.
Total: 1.564600 ms (FindLiveObjects: 0.149500 ms CreateObjectMapping: 0.052200 ms MarkObjects: 1.313500 ms  DeleteObjects: 0.048700 ms)

AssetImportParameters requested are different than current active one (requested -> active):
  custom:graphics/normal-map-encoding: 01000000000000000000000000000000 -> 02000000000000000000000000000000
========================================================================
Received Prepare
Shader 'Oculus/OVRMRCameraFrameLit': fallback shader 'Alpha-Diffuse' not found
Refreshing native plugins compatible for Editor in 10.13 ms, found 4 plugins.
Preloading 1 native plugins for Editor in 0.08 ms.
Unloading 27 Unused Serialized files (Serialized files now loaded: 0)
System memory in use before: 52.2 MB.
System memory in use after: 52.3 MB.

Unloading 27 unused Assets to reduce memory usage. Loaded Objects now: 2213.
Total: 1.786400 ms (FindLiveObjects: 0.210000 ms CreateObjectMapping: 0.068700 ms MarkObjects: 1.441800 ms  DeleteObjects: 0.065500 ms)

========================================================================
Received Prepare
Registering precompiled user dll's ...
Registered in 0.004194 seconds.
Begin MonoManager ReloadAssembly
Native extension for WindowsStandalone target not found
Refreshing native plugins compatible for Editor in 0.53 ms, found 4 plugins.
Preloading 1 native plugins for Editor in 0.09 ms.
Mono: successfully reloaded assembly
- Completed reload, in  0.751 seconds
Platform modules already initialized, skipping
Switching build target platform(5) subTarget(0) extendedPlatform(0) -> platform(13) subTarget(524288) extendedPlatform(0)
Shader 'Oculus/OVRMRCameraFrameLit': fallback shader 'Alpha-Diffuse' not found
Refreshing native plugins compatible for Editor in 0.53 ms, found 4 plugins.
Preloading 1 native plugins for Editor in 0.09 ms.
Unloading 1705 Unused Serialized files (Serialized files now loaded: 0)
System memory in use before: 84.2 MB.
System memory in use after: 84.3 MB.

Unloading 30 unused Assets to reduce memory usage. Loaded Objects now: 2217.
Total: 1.657700 ms (FindLiveObjects: 0.164600 ms CreateObjectMapping: 0.052600 ms MarkObjects: 1.393700 ms  DeleteObjects: 0.046200 ms)

AssetImportParameters requested are different than current active one (requested -> active):
  custom:graphics/normal-map-encoding: 01000000000000000000000000000000 -> 02000000000000000000000000000000
========================================================================
Received Prepare
Shader 'Oculus/OVRMRCameraFrameLit': fallback shader 'Alpha-Diffuse' not found
Refreshing native plugins compatible for Editor in 10.78 ms, found 4 plugins.
Preloading 1 native plugins for Editor in 0.11 ms.
Unloading 27 Unused Serialized files (Serialized files now loaded: 0)
System memory in use before: 52.2 MB.
System memory in use after: 52.3 MB.

Unloading 27 unused Assets to reduce memory usage. Loaded Objects now: 2217.
Total: 1.479700 ms (FindLiveObjects: 0.152200 ms CreateObjectMapping: 0.055800 ms MarkObjects: 1.214500 ms  DeleteObjects: 0.056400 ms)

========================================================================
Received Prepare
Shader 'Oculus/OVRMRCameraFrameLit': fallback shader 'Alpha-Diffuse' not found
Refreshing native plugins compatible for Editor in 10.03 ms, found 4 plugins.
Preloading 1 native plugins for Editor in 0.08 ms.
Unloading 27 Unused Serialized files (Serialized files now loaded: 0)
System memory in use before: 52.2 MB.
System memory in use after: 52.3 MB.

Unloading 27 unused Assets to reduce memory usage. Loaded Objects now: 2217.
Total: 1.948800 ms (FindLiveObjects: 0.157900 ms CreateObjectMapping: 0.051100 ms MarkObjects: 1.680600 ms  DeleteObjects: 0.058500 ms)

========================================================================
Received Import Request.
  Time since last request: 6479.489423 seconds.
  path: Assets/Scripts/DetectLaserOnLayer.cs
  artifactKey: Guid(66dceaf29c36fd34da8b8ec078f8a8ac) Importer(815301076,1909f56bfc062723c751e8b465ee728b)
Start importing Assets/Scripts/DetectLaserOnLayer.cs using Guid(66dceaf29c36fd34da8b8ec078f8a8ac) Importer(815301076,1909f56bfc062723c751e8b465ee728b)  -> (artifact id: '1a0b532af4636c76679ba83a8acf327b') in 0.014066 seconds
  Import took 0.019466 seconds .

========================================================================
Received Import Request.
  Time since last request: 5.279001 seconds.
  path: Assets/Scenes
  artifactKey: Guid(65860740677efee498cb69764adb4bc2) Importer(815301076,1909f56bfc062723c751e8b465ee728b)
Start importing Assets/Scenes using Guid(65860740677efee498cb69764adb4bc2) Importer(815301076,1909f56bfc062723c751e8b465ee728b)  -> (artifact id: '88aafb9c6130959937435298d577457d') in 0.002819 seconds
  Import took 0.005038 seconds .

========================================================================
Received Import Request.
  Time since last request: 0.459592 seconds.
  path: Assets/Scenes/TestScene.unity
  artifactKey: Guid(9fc0d4010bbf28b4594072e72b8655ab) Importer(815301076,1909f56bfc062723c751e8b465ee728b)
Start importing Assets/Scenes/TestScene.unity using Guid(9fc0d4010bbf28b4594072e72b8655ab) Importer(815301076,1909f56bfc062723c751e8b465ee728b)  -> (artifact id: '680b82dedc53623308a4975642c5dce4') in 0.026956 seconds
  Import took 0.029187 seconds .

========================================================================
Received Import Request.
  Time since last request: 6.088430 seconds.
  path: Assets/Scenes/InteractionTestScene.unity
  artifactKey: Guid(9fc0d4010bbf28b4594072e72b8655ab) Importer(815301076,1909f56bfc062723c751e8b465ee728b)
Start importing Assets/Scenes/InteractionTestScene.unity using Guid(9fc0d4010bbf28b4594072e72b8655ab) Importer(815301076,1909f56bfc062723c751e8b465ee728b)  -> (artifact id: 'a25fc70cfa00ac60c57a139ce7b54dcc') in 0.003255 seconds
  Import took 0.005508 seconds .

========================================================================
Received Import Request.
  Time since last request: 0.982210 seconds.
  path: Assets/Scenes/InteractionTestScene 1.unity
  artifactKey: Guid(2a8a7a49c0acf854d9291b7999ce138c) Importer(815301076,1909f56bfc062723c751e8b465ee728b)
Start importing Assets/Scenes/InteractionTestScene 1.unity using Guid(2a8a7a49c0acf854d9291b7999ce138c) Importer(815301076,1909f56bfc062723c751e8b465ee728b)  -> (artifact id: '768563d0927c7afa5aa514bfd2dcff44') in 0.003243 seconds
  Import took 0.005510 seconds .

========================================================================
Received Import Request.
  Time since last request: 8.363812 seconds.
  path: Assets/Scenes/ColorSelectTestScene.unity
  artifactKey: Guid(2a8a7a49c0acf854d9291b7999ce138c) Importer(815301076,1909f56bfc062723c751e8b465ee728b)
Start importing Assets/Scenes/ColorSelectTestScene.unity using Guid(2a8a7a49c0acf854d9291b7999ce138c) Importer(815301076,1909f56bfc062723c751e8b465ee728b)  -> (artifact id: 'bc694aa5236b286379650ac14f89b009') in 0.003121 seconds
  Import took 0.005608 seconds .

========================================================================
Received Import Request.
  Time since last request: 35.819784 seconds.
  path: Assets/Scripts/ColorSelector.cs
  artifactKey: Guid(97cd26189be740f44849adf50b6edfe2) Importer(815301076,1909f56bfc062723c751e8b465ee728b)
Start importing Assets/Scripts/ColorSelector.cs using Guid(97cd26189be740f44849adf50b6edfe2) Importer(815301076,1909f56bfc062723c751e8b465ee728b)  -> (artifact id: '9af42fb9212d7550c3c69444f6c461c1') in 0.003639 seconds
  Import took 0.006170 seconds .

========================================================================
Received Prepare
Registering precompiled user dll's ...
Registered in 0.004712 seconds.
Begin MonoManager ReloadAssembly
Native extension for WindowsStandalone target not found
Refreshing native plugins compatible for Editor in 0.53 ms, found 4 plugins.
Preloading 1 native plugins for Editor in 0.10 ms.
Mono: successfully reloaded assembly
- Completed reload, in  0.802 seconds
Platform modules already initialized, skipping
Switching build target platform(5) subTarget(0) extendedPlatform(0) -> platform(13) subTarget(524288) extendedPlatform(0)
Shader 'Oculus/OVRMRCameraFrameLit': fallback shader 'Alpha-Diffuse' not found
Refreshing native plugins compatible for Editor in 0.53 ms, found 4 plugins.
Preloading 1 native plugins for Editor in 0.08 ms.
Unloading 1706 Unused Serialized files (Serialized files now loaded: 0)
System memory in use before: 84.3 MB.
System memory in use after: 84.4 MB.

Unloading 30 unused Assets to reduce memory usage. Loaded Objects now: 2222.
Total: 1.682000 ms (FindLiveObjects: 0.155600 ms CreateObjectMapping: 0.047900 ms MarkObjects: 1.427900 ms  DeleteObjects: 0.049900 ms)

AssetImportParameters requested are different than current active one (requested -> active):
  custom:graphics/normal-map-encoding: 01000000000000000000000000000000 -> 02000000000000000000000000000000
========================================================================
Received Import Request.
  Time since last request: 38.488024 seconds.
  path: Assets/Scripts/CustomLaserPointer.cs
  artifactKey: Guid(403e0aaa7d58b4d49a83488001a8f0e4) Importer(815301076,1909f56bfc062723c751e8b465ee728b)
Start importing Assets/Scripts/CustomLaserPointer.cs using Guid(403e0aaa7d58b4d49a83488001a8f0e4) Importer(815301076,1909f56bfc062723c751e8b465ee728b)  -> (artifact id: '31a9f4bbb6e79836fa480bcf0e3fa1bd') in 0.005075 seconds
  Import took 0.007426 seconds .

========================================================================
Received Import Request.
  Time since last request: 0.018628 seconds.
  path: Assets/Scripts/CustomLaserPointer.cs
  artifactKey: Guid(403e0aaa7d58b4d49a83488001a8f0e4) Importer(815301076,1909f56bfc062723c751e8b465ee728b)
Start importing Assets/Scripts/CustomLaserPointer.cs using Guid(403e0aaa7d58b4d49a83488001a8f0e4) Importer(815301076,1909f56bfc062723c751e8b465ee728b)  -> (artifact id: '31a9f4bbb6e79836fa480bcf0e3fa1bd') in 0.002674 seconds
  Import took 0.004807 seconds .

========================================================================
Received Import Request.
  Time since last request: 6.242756 seconds.
  path: Assets/Scripts/Custom2DLaserPointer.cs
  artifactKey: Guid(403e0aaa7d58b4d49a83488001a8f0e4) Importer(815301076,1909f56bfc062723c751e8b465ee728b)
Start importing Assets/Scripts/Custom2DLaserPointer.cs using Guid(403e0aaa7d58b4d49a83488001a8f0e4) Importer(815301076,1909f56bfc062723c751e8b465ee728b)  -> (artifact id: '118e6bee320767f7c55bca163d16b3b7') in 0.003458 seconds
  Import took 0.006436 seconds .

========================================================================
Received Prepare
Registering precompiled user dll's ...
Registered in 0.004061 seconds.
Begin MonoManager ReloadAssembly
Native extension for WindowsStandalone target not found
Refreshing native plugins compatible for Editor in 0.67 ms, found 4 plugins.
Preloading 1 native plugins for Editor in 0.12 ms.
Mono: successfully reloaded assembly
- Completed reload, in  0.898 seconds
Platform modules already initialized, skipping
Switching build target platform(5) subTarget(0) extendedPlatform(0) -> platform(13) subTarget(524288) extendedPlatform(0)
Shader 'Oculus/OVRMRCameraFrameLit': fallback shader 'Alpha-Diffuse' not found
Refreshing native plugins compatible for Editor in 0.57 ms, found 4 plugins.
Preloading 1 native plugins for Editor in 0.08 ms.
Unloading 1706 Unused Serialized files (Serialized files now loaded: 0)
System memory in use before: 84.3 MB.
System memory in use after: 84.4 MB.

Unloading 30 unused Assets to reduce memory usage. Loaded Objects now: 2226.
Total: 1.770500 ms (FindLiveObjects: 0.188200 ms CreateObjectMapping: 0.064700 ms MarkObjects: 1.458300 ms  DeleteObjects: 0.058200 ms)

AssetImportParameters requested are different than current active one (requested -> active):
  custom:graphics/normal-map-encoding: 01000000000000000000000000000000 -> 02000000000000000000000000000000
========================================================================
Received Import Request.
  Time since last request: 6.760971 seconds.
  path: Assets/Scripts/Custom2dLaserPointer.cs
  artifactKey: Guid(403e0aaa7d58b4d49a83488001a8f0e4) Importer(815301076,1909f56bfc062723c751e8b465ee728b)
Start importing Assets/Scripts/Custom2dLaserPointer.cs using Guid(403e0aaa7d58b4d49a83488001a8f0e4) Importer(815301076,1909f56bfc062723c751e8b465ee728b)  -> (artifact id: '59b82a196bbcdae83ceb31dfa2e23c88') in 0.005502 seconds
  Import took 0.007904 seconds .

========================================================================
Received Prepare
Registering precompiled user dll's ...
Registered in 0.003419 seconds.
Begin MonoManager ReloadAssembly
Native extension for WindowsStandalone target not found
Refreshing native plugins compatible for Editor in 0.53 ms, found 4 plugins.
Preloading 1 native plugins for Editor in 0.08 ms.
Mono: successfully reloaded assembly
- Completed reload, in  0.801 seconds
Platform modules already initialized, skipping
Switching build target platform(5) subTarget(0) extendedPlatform(0) -> platform(13) subTarget(524288) extendedPlatform(0)
Shader 'Oculus/OVRMRCameraFrameLit': fallback shader 'Alpha-Diffuse' not found
Refreshing native plugins compatible for Editor in 0.52 ms, found 4 plugins.
Preloading 1 native plugins for Editor in 0.09 ms.
Unloading 1706 Unused Serialized files (Serialized files now loaded: 0)
System memory in use before: 84.3 MB.
System memory in use after: 84.4 MB.

Unloading 30 unused Assets to reduce memory usage. Loaded Objects now: 2230.
Total: 1.511200 ms (FindLiveObjects: 0.141900 ms CreateObjectMapping: 0.048400 ms MarkObjects: 1.274000 ms  DeleteObjects: 0.046100 ms)

AssetImportParameters requested are different than current active one (requested -> active):
  custom:graphics/normal-map-encoding: 01000000000000000000000000000000 -> 02000000000000000000000000000000
========================================================================
Received Prepare
Registering precompiled user dll's ...
Registered in 0.003557 seconds.
Begin MonoManager ReloadAssembly
Native extension for WindowsStandalone target not found
Refreshing native plugins compatible for Editor in 0.57 ms, found 4 plugins.
Preloading 1 native plugins for Editor in 0.09 ms.
Mono: successfully reloaded assembly
- Completed reload, in  0.780 seconds
Platform modules already initialized, skipping
Switching build target platform(5) subTarget(0) extendedPlatform(0) -> platform(13) subTarget(524288) extendedPlatform(0)
Shader 'Oculus/OVRMRCameraFrameLit': fallback shader 'Alpha-Diffuse' not found
Refreshing native plugins compatible for Editor in 0.56 ms, found 4 plugins.
Preloading 1 native plugins for Editor in 0.08 ms.
Unloading 1706 Unused Serialized files (Serialized files now loaded: 0)
System memory in use before: 84.3 MB.
System memory in use after: 84.4 MB.

Unloading 30 unused Assets to reduce memory usage. Loaded Objects now: 2234.
Total: 1.747400 ms (FindLiveObjects: 0.151400 ms CreateObjectMapping: 0.054500 ms MarkObjects: 1.461500 ms  DeleteObjects: 0.079300 ms)

AssetImportParameters requested are different than current active one (requested -> active):
  custom:graphics/normal-map-encoding: 01000000000000000000000000000000 -> 02000000000000000000000000000000
========================================================================
Received Import Request.
  Time since last request: 24.641865 seconds.
  path: Assets/Scripts/Custom2dLaserPointer.cs
  artifactKey: Guid(403e0aaa7d58b4d49a83488001a8f0e4) Importer(815301076,1909f56bfc062723c751e8b465ee728b)
Start importing Assets/Scripts/Custom2dLaserPointer.cs using Guid(403e0aaa7d58b4d49a83488001a8f0e4) Importer(815301076,1909f56bfc062723c751e8b465ee728b)  -> (artifact id: 'c8ad97fd6cedead48f8aca5064300e40') in 0.004728 seconds
  Import took 0.006930 seconds .

========================================================================
Received Import Request.
  Time since last request: 0.022485 seconds.
  path: Assets/Scripts/Custom2dLaserPointer.cs
  artifactKey: Guid(403e0aaa7d58b4d49a83488001a8f0e4) Importer(815301076,1909f56bfc062723c751e8b465ee728b)
Start importing Assets/Scripts/Custom2dLaserPointer.cs using Guid(403e0aaa7d58b4d49a83488001a8f0e4) Importer(815301076,1909f56bfc062723c751e8b465ee728b)  -> (artifact id: 'c8ad97fd6cedead48f8aca5064300e40') in 0.002901 seconds
  Import took 0.005102 seconds .

========================================================================
Received Import Request.
  Time since last request: 1.400859 seconds.
  path: Assets/Scripts/DetectLaserOnLayer.cs
  artifactKey: Guid(66dceaf29c36fd34da8b8ec078f8a8ac) Importer(815301076,1909f56bfc062723c751e8b465ee728b)
Start importing Assets/Scripts/DetectLaserOnLayer.cs using Guid(66dceaf29c36fd34da8b8ec078f8a8ac) Importer(815301076,1909f56bfc062723c751e8b465ee728b)  -> (artifact id: '8721d82eca18eab1492ed83e4aef1d38') in 0.002653 seconds
  Import took 0.004875 seconds .

========================================================================
Received Import Request.
  Time since last request: 7.256121 seconds.
  path: Assets/Scripts/Custom3dLaserPointer.cs
  artifactKey: Guid(e5a802fc07488f64bb8593005638e194) Importer(815301076,1909f56bfc062723c751e8b465ee728b)
Start importing Assets/Scripts/Custom3dLaserPointer.cs using Guid(e5a802fc07488f64bb8593005638e194) Importer(815301076,1909f56bfc062723c751e8b465ee728b)  -> (artifact id: 'f01f59e95f47a124bf84590b2ad9c2e1') in 0.003504 seconds
  Import took 0.005895 seconds .

========================================================================
Received Prepare
Registering precompiled user dll's ...
Registered in 0.003975 seconds.
Begin MonoManager ReloadAssembly
Native extension for WindowsStandalone target not found
Refreshing native plugins compatible for Editor in 0.54 ms, found 4 plugins.
Preloading 1 native plugins for Editor in 0.09 ms.
Mono: successfully reloaded assembly
- Completed reload, in  0.822 seconds
Platform modules already initialized, skipping
Switching build target platform(5) subTarget(0) extendedPlatform(0) -> platform(13) subTarget(524288) extendedPlatform(0)
Shader 'Oculus/OVRMRCameraFrameLit': fallback shader 'Alpha-Diffuse' not found
Refreshing native plugins compatible for Editor in 0.53 ms, found 4 plugins.
Preloading 1 native plugins for Editor in 0.08 ms.
Unloading 1707 Unused Serialized files (Serialized files now loaded: 0)
System memory in use before: 84.3 MB.
System memory in use after: 84.4 MB.

Unloading 30 unused Assets to reduce memory usage. Loaded Objects now: 2239.
Total: 1.530600 ms (FindLiveObjects: 0.150000 ms CreateObjectMapping: 0.050800 ms MarkObjects: 1.284700 ms  DeleteObjects: 0.044200 ms)

AssetImportParameters requested are different than current active one (requested -> active):
  custom:graphics/normal-map-encoding: 01000000000000000000000000000000 -> 02000000000000000000000000000000
========================================================================
Received Prepare
Registering precompiled user dll's ...
Registered in 0.003498 seconds.
Begin MonoManager ReloadAssembly
Native extension for WindowsStandalone target not found
Refreshing native plugins compatible for Editor in 0.53 ms, found 4 plugins.
Preloading 1 native plugins for Editor in 0.09 ms.
Mono: successfully reloaded assembly
- Completed reload, in  0.803 seconds
Platform modules already initialized, skipping
Switching build target platform(5) subTarget(0) extendedPlatform(0) -> platform(13) subTarget(524288) extendedPlatform(0)
Shader 'Oculus/OVRMRCameraFrameLit': fallback shader 'Alpha-Diffuse' not found
Refreshing native plugins compatible for Editor in 0.54 ms, found 4 plugins.
Preloading 1 native plugins for Editor in 0.09 ms.
Unloading 1707 Unused Serialized files (Serialized files now loaded: 0)
System memory in use before: 84.4 MB.
System memory in use after: 84.4 MB.

Unloading 30 unused Assets to reduce memory usage. Loaded Objects now: 2243.
Total: 1.740300 ms (FindLiveObjects: 0.194400 ms CreateObjectMapping: 0.074600 ms MarkObjects: 1.424900 ms  DeleteObjects: 0.045800 ms)

AssetImportParameters requested are different than current active one (requested -> active):
  custom:graphics/normal-map-encoding: 01000000000000000000000000000000 -> 02000000000000000000000000000000
========================================================================
Received Import Request.
  Time since last request: 53.002859 seconds.
  path: ProjectSettings/TagManager.asset
  artifactKey: Guid(00000000000000003000000000000000) Importer(815301076,1909f56bfc062723c751e8b465ee728b)
Start importing ProjectSettings/TagManager.asset using Guid(00000000000000003000000000000000) Importer(815301076,1909f56bfc062723c751e8b465ee728b)  -> (artifact id: 'a1a9f302c2b55a5bb19f523b6128fe3d') in 0.023566 seconds
  Import took 0.026915 seconds .

========================================================================
Received Prepare
Registering precompiled user dll's ...
Registered in 0.005546 seconds.
Begin MonoManager ReloadAssembly
Native extension for WindowsStandalone target not found
Refreshing native plugins compatible for Editor in 0.53 ms, found 4 plugins.
Preloading 1 native plugins for Editor in 0.08 ms.
Mono: successfully reloaded assembly
- Completed reload, in  0.804 seconds
Platform modules already initialized, skipping
Switching build target platform(5) subTarget(0) extendedPlatform(0) -> platform(13) subTarget(524288) extendedPlatform(0)
Shader 'Oculus/OVRMRCameraFrameLit': fallback shader 'Alpha-Diffuse' not found
Refreshing native plugins compatible for Editor in 0.54 ms, found 4 plugins.
Preloading 1 native plugins for Editor in 0.08 ms.
Unloading 1707 Unused Serialized files (Serialized files now loaded: 0)
System memory in use before: 84.4 MB.
System memory in use after: 84.5 MB.

Unloading 31 unused Assets to reduce memory usage. Loaded Objects now: 2247.
Total: 1.442800 ms (FindLiveObjects: 0.156700 ms CreateObjectMapping: 0.056100 ms MarkObjects: 1.187300 ms  DeleteObjects: 0.041500 ms)

AssetImportParameters requested are different than current active one (requested -> active):
  custom:graphics/normal-map-encoding: 01000000000000000000000000000000 -> 02000000000000000000000000000000
========================================================================
Received Import Request.
  Time since last request: 183.081976 seconds.
  path: Assets/Sprites
  artifactKey: Guid(013ea62a61a3cfa4cb618aa637fb4b46) Importer(815301076,1909f56bfc062723c751e8b465ee728b)
Start importing Assets/Sprites using Guid(013ea62a61a3cfa4cb618aa637fb4b46) Importer(815301076,1909f56bfc062723c751e8b465ee728b)  -> (artifact id: '7f711dfa93c8448a3c6982eb53425184') in 0.008701 seconds
  Import took 0.011708 seconds .

========================================================================
Received Import Request.
  Time since last request: 36.332834 seconds.
  path: Assets/2.png
  artifactKey: Guid(20ab322278e93844abb028fff7558676) Importer(815301076,1909f56bfc062723c751e8b465ee728b)
Start importing Assets/2.png using Guid(20ab322278e93844abb028fff7558676) Importer(815301076,1909f56bfc062723c751e8b465ee728b)  -> (artifact id: '946ec383096724b719f5b4acdef812d6') in 0.044049 seconds
  Import took 0.046313 seconds .

========================================================================
Received Import Request.
  Time since last request: 7.842713 seconds.
  path: Assets/Sprites/2.png
  artifactKey: Guid(20ab322278e93844abb028fff7558676) Importer(815301076,1909f56bfc062723c751e8b465ee728b)
Start importing Assets/Sprites/2.png using Guid(20ab322278e93844abb028fff7558676) Importer(815301076,1909f56bfc062723c751e8b465ee728b)  -> (artifact id: '719296b524081d2481193fffcfabfbc4') in 0.039075 seconds
  Import took 0.041370 seconds .

========================================================================
Received Prepare
Registering precompiled user dll's ...
Registered in 0.003562 seconds.
Begin MonoManager ReloadAssembly
Native extension for WindowsStandalone target not found
Refreshing native plugins compatible for Editor in 0.54 ms, found 4 plugins.
Preloading 1 native plugins for Editor in 0.09 ms.
Mono: successfully reloaded assembly
- Completed reload, in  0.812 seconds
Platform modules already initialized, skipping
Switching build target platform(5) subTarget(0) extendedPlatform(0) -> platform(13) subTarget(524288) extendedPlatform(0)
Shader 'Oculus/OVRMRCameraFrameLit': fallback shader 'Alpha-Diffuse' not found
Refreshing native plugins compatible for Editor in 0.57 ms, found 4 plugins.
Preloading 1 native plugins for Editor in 0.10 ms.
Unloading 1707 Unused Serialized files (Serialized files now loaded: 0)
System memory in use before: 87.4 MB.
System memory in use after: 87.5 MB.

Unloading 30 unused Assets to reduce memory usage. Loaded Objects now: 2257.
Total: 1.487700 ms (FindLiveObjects: 0.155100 ms CreateObjectMapping: 0.053100 ms MarkObjects: 1.233200 ms  DeleteObjects: 0.045700 ms)

AssetImportParameters requested are different than current active one (requested -> active):
  custom:graphics/normal-map-encoding: 01000000000000000000000000000000 -> 02000000000000000000000000000000
========================================================================
Received Prepare
Registering precompiled user dll's ...
Registered in 0.003637 seconds.
Begin MonoManager ReloadAssembly
Native extension for WindowsStandalone target not found
Refreshing native plugins compatible for Editor in 0.53 ms, found 4 plugins.
Preloading 1 native plugins for Editor in 0.08 ms.
Mono: successfully reloaded assembly
- Completed reload, in  0.806 seconds
Platform modules already initialized, skipping
Switching build target platform(5) subTarget(0) extendedPlatform(0) -> platform(13) subTarget(524288) extendedPlatform(0)
Shader 'Oculus/OVRMRCameraFrameLit': fallback shader 'Alpha-Diffuse' not found
Refreshing native plugins compatible for Editor in 0.55 ms, found 4 plugins.
Preloading 1 native plugins for Editor in 0.08 ms.
Unloading 1707 Unused Serialized files (Serialized files now loaded: 0)
System memory in use before: 87.5 MB.
System memory in use after: 87.5 MB.

Unloading 30 unused Assets to reduce memory usage. Loaded Objects now: 2261.
Total: 1.493500 ms (FindLiveObjects: 0.170700 ms CreateObjectMapping: 0.059300 ms MarkObjects: 1.221100 ms  DeleteObjects: 0.041900 ms)

AssetImportParameters requested are different than current active one (requested -> active):
  custom:graphics/normal-map-encoding: 01000000000000000000000000000000 -> 02000000000000000000000000000000
========================================================================
Received Prepare
Shader 'Oculus/OVRMRCameraFrameLit': fallback shader 'Alpha-Diffuse' not found
Refreshing native plugins compatible for Editor in 9.85 ms, found 4 plugins.
Preloading 1 native plugins for Editor in 0.08 ms.
Unloading 27 Unused Serialized files (Serialized files now loaded: 0)
System memory in use before: 55.4 MB.
System memory in use after: 55.5 MB.

Unloading 27 unused Assets to reduce memory usage. Loaded Objects now: 2261.
Total: 1.811800 ms (FindLiveObjects: 0.171200 ms CreateObjectMapping: 0.065500 ms MarkObjects: 1.516400 ms  DeleteObjects: 0.057700 ms)

========================================================================
Received Prepare
Shader 'Oculus/OVRMRCameraFrameLit': fallback shader 'Alpha-Diffuse' not found
Refreshing native plugins compatible for Editor in 10.20 ms, found 4 plugins.
Preloading 1 native plugins for Editor in 0.08 ms.
Unloading 27 Unused Serialized files (Serialized files now loaded: 0)
System memory in use before: 55.4 MB.
System memory in use after: 55.5 MB.

Unloading 27 unused Assets to reduce memory usage. Loaded Objects now: 2261.
Total: 1.484500 ms (FindLiveObjects: 0.156000 ms CreateObjectMapping: 0.052200 ms MarkObjects: 1.222000 ms  DeleteObjects: 0.053700 ms)

========================================================================
Received Prepare
Registering precompiled user dll's ...
Registered in 0.004069 seconds.
Begin MonoManager ReloadAssembly
Native extension for WindowsStandalone target not found
Refreshing native plugins compatible for Editor in 0.60 ms, found 4 plugins.
Preloading 1 native plugins for Editor in 0.13 ms.
Mono: successfully reloaded assembly
- Completed reload, in  0.908 seconds
Platform modules already initialized, skipping
Switching build target platform(5) subTarget(0) extendedPlatform(0) -> platform(13) subTarget(524288) extendedPlatform(0)
Shader 'Oculus/OVRMRCameraFrameLit': fallback shader 'Alpha-Diffuse' not found
Refreshing native plugins compatible for Editor in 0.53 ms, found 4 plugins.
Preloading 1 native plugins for Editor in 0.08 ms.
Unloading 1707 Unused Serialized files (Serialized files now loaded: 0)
System memory in use before: 87.5 MB.
System memory in use after: 87.5 MB.

Unloading 30 unused Assets to reduce memory usage. Loaded Objects now: 2265.
Total: 1.717200 ms (FindLiveObjects: 0.204200 ms CreateObjectMapping: 0.064700 ms MarkObjects: 1.394500 ms  DeleteObjects: 0.052900 ms)

AssetImportParameters requested are different than current active one (requested -> active):
  custom:graphics/normal-map-encoding: 01000000000000000000000000000000 -> 02000000000000000000000000000000
========================================================================
Received Prepare
Registering precompiled user dll's ...
Registered in 0.004807 seconds.
Begin MonoManager ReloadAssembly
Native extension for WindowsStandalone target not found
Refreshing native plugins compatible for Editor in 0.54 ms, found 4 plugins.
Preloading 1 native plugins for Editor in 0.09 ms.
Mono: successfully reloaded assembly
- Completed reload, in  0.909 seconds
Platform modules already initialized, skipping
Switching build target platform(5) subTarget(0) extendedPlatform(0) -> platform(13) subTarget(524288) extendedPlatform(0)
Shader 'Oculus/OVRMRCameraFrameLit': fallback shader 'Alpha-Diffuse' not found
Refreshing native plugins compatible for Editor in 0.55 ms, found 4 plugins.
Preloading 1 native plugins for Editor in 0.09 ms.
Unloading 1763 Unused Serialized files (Serialized files now loaded: 0)
System memory in use before: 89.0 MB.
System memory in use after: 89.1 MB.

Unloading 30 unused Assets to reduce memory usage. Loaded Objects now: 2325.
Total: 1.792500 ms (FindLiveObjects: 0.173500 ms CreateObjectMapping: 0.050500 ms MarkObjects: 1.520900 ms  DeleteObjects: 0.047000 ms)

AssetImportParameters requested are different than current active one (requested -> active):
  custom:graphics/normal-map-encoding: 01000000000000000000000000000000 -> 02000000000000000000000000000000
========================================================================
Received Prepare
Shader 'Oculus/OVRMRCameraFrameLit': fallback shader 'Alpha-Diffuse' not found
Refreshing native plugins compatible for Editor in 10.33 ms, found 4 plugins.
Preloading 1 native plugins for Editor in 0.08 ms.
Unloading 27 Unused Serialized files (Serialized files now loaded: 0)
System memory in use before: 55.8 MB.
System memory in use after: 55.9 MB.

Unloading 27 unused Assets to reduce memory usage. Loaded Objects now: 2325.
Total: 1.688400 ms (FindLiveObjects: 0.184800 ms CreateObjectMapping: 0.052800 ms MarkObjects: 1.395000 ms  DeleteObjects: 0.054800 ms)

========================================================================
Received Prepare
Registering precompiled user dll's ...
Registered in 0.005852 seconds.
Begin MonoManager ReloadAssembly
Native extension for WindowsStandalone target not found
Refreshing native plugins compatible for Editor in 0.55 ms, found 4 plugins.
Preloading 1 native plugins for Editor in 0.09 ms.
Mono: successfully reloaded assembly
- Completed reload, in  0.870 seconds
Platform modules already initialized, skipping
Switching build target platform(5) subTarget(0) extendedPlatform(0) -> platform(13) subTarget(524288) extendedPlatform(0)
Shader 'Oculus/OVRMRCameraFrameLit': fallback shader 'Alpha-Diffuse' not found
Refreshing native plugins compatible for Editor in 0.53 ms, found 4 plugins.
Preloading 1 native plugins for Editor in 0.09 ms.
Unloading 1763 Unused Serialized files (Serialized files now loaded: 0)
System memory in use before: 89.0 MB.
System memory in use after: 89.1 MB.

Unloading 30 unused Assets to reduce memory usage. Loaded Objects now: 2329.
Total: 1.894200 ms (FindLiveObjects: 0.224900 ms CreateObjectMapping: 0.079800 ms MarkObjects: 1.543600 ms  DeleteObjects: 0.045300 ms)

AssetImportParameters requested are different than current active one (requested -> active):
  custom:graphics/normal-map-encoding: 01000000000000000000000000000000 -> 02000000000000000000000000000000
========================================================================
Received Prepare
Shader 'Oculus/OVRMRCameraFrameLit': fallback shader 'Alpha-Diffuse' not found
Refreshing native plugins compatible for Editor in 10.03 ms, found 4 plugins.
Preloading 1 native plugins for Editor in 0.08 ms.
Unloading 27 Unused Serialized files (Serialized files now loaded: 0)
System memory in use before: 55.9 MB.
System memory in use after: 55.9 MB.

Unloading 27 unused Assets to reduce memory usage. Loaded Objects now: 2329.
Total: 1.658100 ms (FindLiveObjects: 0.187500 ms CreateObjectMapping: 0.065700 ms MarkObjects: 1.345300 ms  DeleteObjects: 0.058700 ms)

========================================================================
Received Prepare
Shader 'Oculus/OVRMRCameraFrameLit': fallback shader 'Alpha-Diffuse' not found
Refreshing native plugins compatible for Editor in 10.41 ms, found 4 plugins.
Preloading 1 native plugins for Editor in 0.08 ms.
Unloading 27 Unused Serialized files (Serialized files now loaded: 0)
System memory in use before: 55.9 MB.
System memory in use after: 55.9 MB.

Unloading 27 unused Assets to reduce memory usage. Loaded Objects now: 2329.
Total: 2.200100 ms (FindLiveObjects: 0.168500 ms CreateObjectMapping: 0.057700 ms MarkObjects: 1.916700 ms  DeleteObjects: 0.056000 ms)

========================================================================
Received Prepare
Registering precompiled user dll's ...
Registered in 0.004078 seconds.
Begin MonoManager ReloadAssembly
Native extension for WindowsStandalone target not found
Refreshing native plugins compatible for Editor in 0.54 ms, found 4 plugins.
Preloading 1 native plugins for Editor in 0.09 ms.
Mono: successfully reloaded assembly
- Completed reload, in  0.866 seconds
Platform modules already initialized, skipping
Switching build target platform(5) subTarget(0) extendedPlatform(0) -> platform(13) subTarget(524288) extendedPlatform(0)
Shader 'Oculus/OVRMRCameraFrameLit': fallback shader 'Alpha-Diffuse' not found
Refreshing native plugins compatible for Editor in 0.53 ms, found 4 plugins.
Preloading 1 native plugins for Editor in 0.09 ms.
Unloading 1763 Unused Serialized files (Serialized files now loaded: 0)
System memory in use before: 89.0 MB.
System memory in use after: 89.1 MB.

Unloading 30 unused Assets to reduce memory usage. Loaded Objects now: 2333.
Total: 1.637700 ms (FindLiveObjects: 0.165500 ms CreateObjectMapping: 0.058200 ms MarkObjects: 1.364900 ms  DeleteObjects: 0.048400 ms)

AssetImportParameters requested are different than current active one (requested -> active):
  custom:graphics/normal-map-encoding: 01000000000000000000000000000000 -> 02000000000000000000000000000000
========================================================================
Received Prepare
Registering precompiled user dll's ...
Registered in 0.004526 seconds.
Begin MonoManager ReloadAssembly
Native extension for WindowsStandalone target not found
Refreshing native plugins compatible for Editor in 0.56 ms, found 4 plugins.
Preloading 1 native plugins for Editor in 0.08 ms.
Mono: successfully reloaded assembly
- Completed reload, in  0.854 seconds
Platform modules already initialized, skipping
Switching build target platform(5) subTarget(0) extendedPlatform(0) -> platform(13) subTarget(524288) extendedPlatform(0)
Shader 'Oculus/OVRMRCameraFrameLit': fallback shader 'Alpha-Diffuse' not found
Refreshing native plugins compatible for Editor in 0.53 ms, found 4 plugins.
Preloading 1 native plugins for Editor in 0.09 ms.
Unloading 1763 Unused Serialized files (Serialized files now loaded: 0)
System memory in use before: 89.1 MB.
System memory in use after: 89.1 MB.

Unloading 30 unused Assets to reduce memory usage. Loaded Objects now: 2337.
Total: 1.598700 ms (FindLiveObjects: 0.156000 ms CreateObjectMapping: 0.054700 ms MarkObjects: 1.344500 ms  DeleteObjects: 0.042800 ms)

AssetImportParameters requested are different than current active one (requested -> active):
  custom:graphics/normal-map-encoding: 01000000000000000000000000000000 -> 02000000000000000000000000000000
========================================================================
Received Prepare
Registering precompiled user dll's ...
Registered in 0.003901 seconds.
Begin MonoManager ReloadAssembly
Native extension for WindowsStandalone target not found
Refreshing native plugins compatible for Editor in 0.54 ms, found 4 plugins.
Preloading 1 native plugins for Editor in 0.08 ms.
Mono: successfully reloaded assembly
- Completed reload, in  0.889 seconds
Platform modules already initialized, skipping
Switching build target platform(5) subTarget(0) extendedPlatform(0) -> platform(13) subTarget(524288) extendedPlatform(0)
Shader 'Oculus/OVRMRCameraFrameLit': fallback shader 'Alpha-Diffuse' not found
Refreshing native plugins compatible for Editor in 0.53 ms, found 4 plugins.
Preloading 1 native plugins for Editor in 0.09 ms.
Unloading 1763 Unused Serialized files (Serialized files now loaded: 0)
System memory in use before: 89.1 MB.
System memory in use after: 89.1 MB.

Unloading 30 unused Assets to reduce memory usage. Loaded Objects now: 2341.
Total: 1.730500 ms (FindLiveObjects: 0.207700 ms CreateObjectMapping: 0.078500 ms MarkObjects: 1.393600 ms  DeleteObjects: 0.049900 ms)

AssetImportParameters requested are different than current active one (requested -> active):
  custom:graphics/normal-map-encoding: 01000000000000000000000000000000 -> 02000000000000000000000000000000
========================================================================
Received Prepare
Shader 'Oculus/OVRMRCameraFrameLit': fallback shader 'Alpha-Diffuse' not found
Refreshing native plugins compatible for Editor in 10.36 ms, found 4 plugins.
Preloading 1 native plugins for Editor in 0.07 ms.
Unloading 27 Unused Serialized files (Serialized files now loaded: 0)
System memory in use before: 55.9 MB.
System memory in use after: 56.0 MB.

Unloading 27 unused Assets to reduce memory usage. Loaded Objects now: 2341.
Total: 1.600000 ms (FindLiveObjects: 0.163700 ms CreateObjectMapping: 0.053700 ms MarkObjects: 1.322400 ms  DeleteObjects: 0.059600 ms)

========================================================================
Received Prepare
Registering precompiled user dll's ...
Registered in 0.005583 seconds.
Begin MonoManager ReloadAssembly
Native extension for WindowsStandalone target not found
Refreshing native plugins compatible for Editor in 0.54 ms, found 4 plugins.
Preloading 1 native plugins for Editor in 0.09 ms.
Mono: successfully reloaded assembly
- Completed reload, in  0.897 seconds
Platform modules already initialized, skipping
Switching build target platform(5) subTarget(0) extendedPlatform(0) -> platform(13) subTarget(524288) extendedPlatform(0)
Shader 'Oculus/OVRMRCameraFrameLit': fallback shader 'Alpha-Diffuse' not found
Refreshing native plugins compatible for Editor in 0.53 ms, found 4 plugins.
Preloading 1 native plugins for Editor in 0.08 ms.
Unloading 1763 Unused Serialized files (Serialized files now loaded: 0)
System memory in use before: 89.1 MB.
System memory in use after: 89.2 MB.

Unloading 30 unused Assets to reduce memory usage. Loaded Objects now: 2345.
Total: 1.491500 ms (FindLiveObjects: 0.147600 ms CreateObjectMapping: 0.053500 ms MarkObjects: 1.247500 ms  DeleteObjects: 0.042400 ms)

AssetImportParameters requested are different than current active one (requested -> active):
  custom:graphics/normal-map-encoding: 01000000000000000000000000000000 -> 02000000000000000000000000000000
========================================================================
Received Prepare
Shader 'Oculus/OVRMRCameraFrameLit': fallback shader 'Alpha-Diffuse' not found
Refreshing native plugins compatible for Editor in 10.13 ms, found 4 plugins.
Preloading 1 native plugins for Editor in 0.08 ms.
Unloading 27 Unused Serialized files (Serialized files now loaded: 0)
System memory in use before: 55.9 MB.
System memory in use after: 56.0 MB.

Unloading 27 unused Assets to reduce memory usage. Loaded Objects now: 2345.
Total: 1.978400 ms (FindLiveObjects: 0.186200 ms CreateObjectMapping: 0.072800 ms MarkObjects: 1.651400 ms  DeleteObjects: 0.067400 ms)

========================================================================
Received Prepare
Registering precompiled user dll's ...
Registered in 0.004054 seconds.
Begin MonoManager ReloadAssembly
Native extension for WindowsStandalone target not found
Refreshing native plugins compatible for Editor in 0.53 ms, found 4 plugins.
Preloading 1 native plugins for Editor in 0.09 ms.
Mono: successfully reloaded assembly
- Completed reload, in  0.883 seconds
Platform modules already initialized, skipping
Switching build target platform(5) subTarget(0) extendedPlatform(0) -> platform(13) subTarget(524288) extendedPlatform(0)
Shader 'Oculus/OVRMRCameraFrameLit': fallback shader 'Alpha-Diffuse' not found
Refreshing native plugins compatible for Editor in 0.53 ms, found 4 plugins.
Preloading 1 native plugins for Editor in 0.08 ms.
Unloading 1763 Unused Serialized files (Serialized files now loaded: 0)
System memory in use before: 89.1 MB.
System memory in use after: 89.2 MB.

Unloading 30 unused Assets to reduce memory usage. Loaded Objects now: 2349.
Total: 1.747400 ms (FindLiveObjects: 0.165500 ms CreateObjectMapping: 0.049700 ms MarkObjects: 1.485800 ms  DeleteObjects: 0.045800 ms)

AssetImportParameters requested are different than current active one (requested -> active):
  custom:graphics/normal-map-encoding: 01000000000000000000000000000000 -> 02000000000000000000000000000000
========================================================================
Received Prepare
Registering precompiled user dll's ...
Registered in 0.003889 seconds.
Begin MonoManager ReloadAssembly
Native extension for WindowsStandalone target not found
Refreshing native plugins compatible for Editor in 0.54 ms, found 4 plugins.
Preloading 1 native plugins for Editor in 0.09 ms.
Mono: successfully reloaded assembly
- Completed reload, in  0.900 seconds
Platform modules already initialized, skipping
Switching build target platform(5) subTarget(0) extendedPlatform(0) -> platform(13) subTarget(524288) extendedPlatform(0)
Shader 'Oculus/OVRMRCameraFrameLit': fallback shader 'Alpha-Diffuse' not found
Refreshing native plugins compatible for Editor in 0.53 ms, found 4 plugins.
Preloading 1 native plugins for Editor in 0.08 ms.
Unloading 1763 Unused Serialized files (Serialized files now loaded: 0)
System memory in use before: 89.1 MB.
System memory in use after: 89.2 MB.

Unloading 30 unused Assets to reduce memory usage. Loaded Objects now: 2353.
Total: 1.665300 ms (FindLiveObjects: 0.166400 ms CreateObjectMapping: 0.044700 ms MarkObjects: 1.411200 ms  DeleteObjects: 0.042300 ms)

AssetImportParameters requested are different than current active one (requested -> active):
  custom:graphics/normal-map-encoding: 01000000000000000000000000000000 -> 02000000000000000000000000000000
========================================================================
Received Prepare
Shader 'Oculus/OVRMRCameraFrameLit': fallback shader 'Alpha-Diffuse' not found
Refreshing native plugins compatible for Editor in 9.99 ms, found 4 plugins.
Preloading 1 native plugins for Editor in 0.07 ms.
Unloading 27 Unused Serialized files (Serialized files now loaded: 0)
System memory in use before: 55.9 MB.
System memory in use after: 56.0 MB.

Unloading 27 unused Assets to reduce memory usage. Loaded Objects now: 2353.
Total: 1.818200 ms (FindLiveObjects: 0.178400 ms CreateObjectMapping: 0.060000 ms MarkObjects: 1.523200 ms  DeleteObjects: 0.055900 ms)

========================================================================
Received Prepare
Shader 'Oculus/OVRMRCameraFrameLit': fallback shader 'Alpha-Diffuse' not found
Refreshing native plugins compatible for Editor in 10.03 ms, found 4 plugins.
Preloading 1 native plugins for Editor in 0.08 ms.
Unloading 27 Unused Serialized files (Serialized files now loaded: 0)
System memory in use before: 55.9 MB.
System memory in use after: 56.0 MB.

Unloading 27 unused Assets to reduce memory usage. Loaded Objects now: 2353.
Total: 2.458700 ms (FindLiveObjects: 0.170700 ms CreateObjectMapping: 0.059700 ms MarkObjects: 2.163100 ms  DeleteObjects: 0.064500 ms)

========================================================================
Received Import Request.
  Time since last request: 1701.269483 seconds.
  path: Assets/Scenes/ColorSelectTestScene.unity
  artifactKey: Guid(2a8a7a49c0acf854d9291b7999ce138c) Importer(815301076,1909f56bfc062723c751e8b465ee728b)
Start importing Assets/Scenes/ColorSelectTestScene.unity using Guid(2a8a7a49c0acf854d9291b7999ce138c) Importer(815301076,1909f56bfc062723c751e8b465ee728b)  -> (artifact id: '7499205c1a85772f5623bfb1a0fe2a03') in 0.009057 seconds
  Import took 0.011484 seconds .

========================================================================
Received Prepare
Shader 'Oculus/OVRMRCameraFrameLit': fallback shader 'Alpha-Diffuse' not found
Refreshing native plugins compatible for Editor in 10.16 ms, found 4 plugins.
Preloading 1 native plugins for Editor in 0.09 ms.
Unloading 27 Unused Serialized files (Serialized files now loaded: 0)
System memory in use before: 55.9 MB.
System memory in use after: 56.0 MB.

Unloading 27 unused Assets to reduce memory usage. Loaded Objects now: 2353.
Total: 1.836700 ms (FindLiveObjects: 0.172000 ms CreateObjectMapping: 0.057900 ms MarkObjects: 1.545800 ms  DeleteObjects: 0.060200 ms)

========================================================================
Received Prepare
Shader 'Oculus/OVRMRCameraFrameLit': fallback shader 'Alpha-Diffuse' not found
Refreshing native plugins compatible for Editor in 10.16 ms, found 4 plugins.
Preloading 1 native plugins for Editor in 0.08 ms.
Unloading 27 Unused Serialized files (Serialized files now loaded: 0)
System memory in use before: 55.9 MB.
System memory in use after: 56.0 MB.

Unloading 27 unused Assets to reduce memory usage. Loaded Objects now: 2353.
Total: 1.810200 ms (FindLiveObjects: 0.174700 ms CreateObjectMapping: 0.057600 ms MarkObjects: 1.523300 ms  DeleteObjects: 0.053900 ms)

========================================================================
Received Prepare
Registering precompiled user dll's ...
Registered in 0.004102 seconds.
Begin MonoManager ReloadAssembly
Native extension for WindowsStandalone target not found
Refreshing native plugins compatible for Editor in 0.55 ms, found 4 plugins.
Preloading 1 native plugins for Editor in 0.09 ms.
Mono: successfully reloaded assembly
- Completed reload, in  0.902 seconds
Platform modules already initialized, skipping
Switching build target platform(5) subTarget(0) extendedPlatform(0) -> platform(13) subTarget(524288) extendedPlatform(0)
Shader 'Oculus/OVRMRCameraFrameLit': fallback shader 'Alpha-Diffuse' not found
Refreshing native plugins compatible for Editor in 0.53 ms, found 4 plugins.
Preloading 1 native plugins for Editor in 0.08 ms.
Unloading 1763 Unused Serialized files (Serialized files now loaded: 0)
System memory in use before: 89.1 MB.
System memory in use after: 89.2 MB.

Unloading 30 unused Assets to reduce memory usage. Loaded Objects now: 2357.
Total: 1.548900 ms (FindLiveObjects: 0.167800 ms CreateObjectMapping: 0.051600 ms MarkObjects: 1.288500 ms  DeleteObjects: 0.040400 ms)

AssetImportParameters requested are different than current active one (requested -> active):
  custom:graphics/normal-map-encoding: 01000000000000000000000000000000 -> 02000000000000000000000000000000
========================================================================
Received Prepare
Shader 'Oculus/OVRMRCameraFrameLit': fallback shader 'Alpha-Diffuse' not found
Refreshing native plugins compatible for Editor in 10.00 ms, found 4 plugins.
Preloading 1 native plugins for Editor in 0.07 ms.
Unloading 27 Unused Serialized files (Serialized files now loaded: 0)
System memory in use before: 55.9 MB.
System memory in use after: 56.0 MB.

Unloading 27 unused Assets to reduce memory usage. Loaded Objects now: 2357.
Total: 1.739700 ms (FindLiveObjects: 0.157200 ms CreateObjectMapping: 0.057000 ms MarkObjects: 1.470200 ms  DeleteObjects: 0.054700 ms)

========================================================================
Received Prepare
Registering precompiled user dll's ...
Registered in 0.004079 seconds.
Begin MonoManager ReloadAssembly
Native extension for WindowsStandalone target not found
Refreshing native plugins compatible for Editor in 0.53 ms, found 4 plugins.
Preloading 1 native plugins for Editor in 0.09 ms.
Mono: successfully reloaded assembly
- Completed reload, in  0.915 seconds
Platform modules already initialized, skipping
Switching build target platform(5) subTarget(0) extendedPlatform(0) -> platform(13) subTarget(524288) extendedPlatform(0)
Shader 'Oculus/OVRMRCameraFrameLit': fallback shader 'Alpha-Diffuse' not found
Refreshing native plugins compatible for Editor in 0.52 ms, found 4 plugins.
Preloading 1 native plugins for Editor in 0.08 ms.
Unloading 1763 Unused Serialized files (Serialized files now loaded: 0)
System memory in use before: 89.1 MB.
System memory in use after: 89.2 MB.

Unloading 30 unused Assets to reduce memory usage. Loaded Objects now: 2361.
Total: 1.647100 ms (FindLiveObjects: 0.169600 ms CreateObjectMapping: 0.050700 ms MarkObjects: 1.381000 ms  DeleteObjects: 0.045100 ms)

AssetImportParameters requested are different than current active one (requested -> active):
  custom:graphics/normal-map-encoding: 01000000000000000000000000000000 -> 02000000000000000000000000000000
========================================================================
Received Prepare
Shader 'Oculus/OVRMRCameraFrameLit': fallback shader 'Alpha-Diffuse' not found
Refreshing native plugins compatible for Editor in 10.16 ms, found 4 plugins.
Preloading 1 native plugins for Editor in 0.09 ms.
Unloading 27 Unused Serialized files (Serialized files now loaded: 0)
System memory in use before: 55.9 MB.
System memory in use after: 56.0 MB.

Unloading 27 unused Assets to reduce memory usage. Loaded Objects now: 2361.
Total: 1.684200 ms (FindLiveObjects: 0.160600 ms CreateObjectMapping: 0.056500 ms MarkObjects: 1.398300 ms  DeleteObjects: 0.067900 ms)

========================================================================
Received Prepare
Registering precompiled user dll's ...
Registered in 0.004092 seconds.
Begin MonoManager ReloadAssembly
Native extension for WindowsStandalone target not found
Refreshing native plugins compatible for Editor in 0.54 ms, found 4 plugins.
Preloading 1 native plugins for Editor in 0.08 ms.
Mono: successfully reloaded assembly
- Completed reload, in  0.916 seconds
Platform modules already initialized, skipping
Switching build target platform(5) subTarget(0) extendedPlatform(0) -> platform(13) subTarget(524288) extendedPlatform(0)
Shader 'Oculus/OVRMRCameraFrameLit': fallback shader 'Alpha-Diffuse' not found
Refreshing native plugins compatible for Editor in 0.55 ms, found 4 plugins.
Preloading 1 native plugins for Editor in 0.09 ms.
Unloading 1763 Unused Serialized files (Serialized files now loaded: 0)
System memory in use before: 89.1 MB.
System memory in use after: 89.2 MB.

Unloading 30 unused Assets to reduce memory usage. Loaded Objects now: 2365.
Total: 1.537100 ms (FindLiveObjects: 0.167600 ms CreateObjectMapping: 0.057000 ms MarkObjects: 1.269900 ms  DeleteObjects: 0.041700 ms)

AssetImportParameters requested are different than current active one (requested -> active):
  custom:graphics/normal-map-encoding: 01000000000000000000000000000000 -> 02000000000000000000000000000000
========================================================================
Received Prepare
Shader 'Oculus/OVRMRCameraFrameLit': fallback shader 'Alpha-Diffuse' not found
Refreshing native plugins compatible for Editor in 10.41 ms, found 4 plugins.
Preloading 1 native plugins for Editor in 0.09 ms.
Unloading 27 Unused Serialized files (Serialized files now loaded: 0)
System memory in use before: 55.9 MB.
System memory in use after: 56.0 MB.

Unloading 27 unused Assets to reduce memory usage. Loaded Objects now: 2365.
Total: 1.554800 ms (FindLiveObjects: 0.162600 ms CreateObjectMapping: 0.056300 ms MarkObjects: 1.278700 ms  DeleteObjects: 0.056600 ms)

========================================================================
Received Prepare
Registering precompiled user dll's ...
Registered in 0.005036 seconds.
Begin MonoManager ReloadAssembly
Native extension for WindowsStandalone target not found
Refreshing native plugins compatible for Editor in 0.56 ms, found 4 plugins.
Preloading 1 native plugins for Editor in 0.10 ms.
Mono: successfully reloaded assembly
- Completed reload, in  0.933 seconds
Platform modules already initialized, skipping
Switching build target platform(5) subTarget(0) extendedPlatform(0) -> platform(13) subTarget(524288) extendedPlatform(0)
Shader 'Oculus/OVRMRCameraFrameLit': fallback shader 'Alpha-Diffuse' not found
Refreshing native plugins compatible for Editor in 0.53 ms, found 4 plugins.
Preloading 1 native plugins for Editor in 0.08 ms.
Unloading 1763 Unused Serialized files (Serialized files now loaded: 0)
System memory in use before: 89.1 MB.
System memory in use after: 89.2 MB.

Unloading 30 unused Assets to reduce memory usage. Loaded Objects now: 2369.
Total: 1.531500 ms (FindLiveObjects: 0.159700 ms CreateObjectMapping: 0.052200 ms MarkObjects: 1.274800 ms  DeleteObjects: 0.044200 ms)

AssetImportParameters requested are different than current active one (requested -> active):
  custom:graphics/normal-map-encoding: 01000000000000000000000000000000 -> 02000000000000000000000000000000
========================================================================
Received Prepare
Registering precompiled user dll's ...
Registered in 0.003639 seconds.
Begin MonoManager ReloadAssembly
Native extension for WindowsStandalone target not found
Refreshing native plugins compatible for Editor in 0.55 ms, found 4 plugins.
Preloading 1 native plugins for Editor in 0.09 ms.
Mono: successfully reloaded assembly
- Completed reload, in  0.936 seconds
Platform modules already initialized, skipping
Switching build target platform(5) subTarget(0) extendedPlatform(0) -> platform(13) subTarget(524288) extendedPlatform(0)
Shader 'Oculus/OVRMRCameraFrameLit': fallback shader 'Alpha-Diffuse' not found
Refreshing native plugins compatible for Editor in 0.53 ms, found 4 plugins.
Preloading 1 native plugins for Editor in 0.09 ms.
Unloading 1763 Unused Serialized files (Serialized files now loaded: 0)
System memory in use before: 89.1 MB.
System memory in use after: 89.2 MB.

Unloading 30 unused Assets to reduce memory usage. Loaded Objects now: 2373.
Total: 1.511200 ms (FindLiveObjects: 0.162100 ms CreateObjectMapping: 0.053400 ms MarkObjects: 1.253400 ms  DeleteObjects: 0.041200 ms)

AssetImportParameters requested are different than current active one (requested -> active):
  custom:graphics/normal-map-encoding: 01000000000000000000000000000000 -> 02000000000000000000000000000000
========================================================================
Received Prepare
Registering precompiled user dll's ...
Registered in 0.003577 seconds.
Begin MonoManager ReloadAssembly
Native extension for WindowsStandalone target not found
Refreshing native plugins compatible for Editor in 0.54 ms, found 4 plugins.
Preloading 1 native plugins for Editor in 0.09 ms.
Mono: successfully reloaded assembly
- Completed reload, in  0.964 seconds
Platform modules already initialized, skipping
Switching build target platform(5) subTarget(0) extendedPlatform(0) -> platform(13) subTarget(524288) extendedPlatform(0)
Shader 'Oculus/OVRMRCameraFrameLit': fallback shader 'Alpha-Diffuse' not found
Refreshing native plugins compatible for Editor in 0.55 ms, found 4 plugins.
Preloading 1 native plugins for Editor in 0.09 ms.
Unloading 1763 Unused Serialized files (Serialized files now loaded: 0)
System memory in use before: 89.1 MB.
System memory in use after: 89.2 MB.

Unloading 30 unused Assets to reduce memory usage. Loaded Objects now: 2377.
Total: 1.515800 ms (FindLiveObjects: 0.165900 ms CreateObjectMapping: 0.063200 ms MarkObjects: 1.243500 ms  DeleteObjects: 0.042300 ms)

AssetImportParameters requested are different than current active one (requested -> active):
  custom:graphics/normal-map-encoding: 01000000000000000000000000000000 -> 02000000000000000000000000000000
========================================================================
Received Prepare
Shader 'Oculus/OVRMRCameraFrameLit': fallback shader 'Alpha-Diffuse' not found
Refreshing native plugins compatible for Editor in 10.37 ms, found 4 plugins.
Preloading 1 native plugins for Editor in 0.09 ms.
Unloading 27 Unused Serialized files (Serialized files now loaded: 0)
System memory in use before: 56.0 MB.
System memory in use after: 56.1 MB.

Unloading 27 unused Assets to reduce memory usage. Loaded Objects now: 2377.
Total: 1.722000 ms (FindLiveObjects: 0.202700 ms CreateObjectMapping: 0.068300 ms MarkObjects: 1.385900 ms  DeleteObjects: 0.064400 ms)

========================================================================
Received Prepare
Registering precompiled user dll's ...
Registered in 0.003985 seconds.
Begin MonoManager ReloadAssembly
Native extension for WindowsStandalone target not found
Refreshing native plugins compatible for Editor in 0.55 ms, found 4 plugins.
Preloading 1 native plugins for Editor in 0.09 ms.
Mono: successfully reloaded assembly
- Completed reload, in  0.950 seconds
Platform modules already initialized, skipping
Switching build target platform(5) subTarget(0) extendedPlatform(0) -> platform(13) subTarget(524288) extendedPlatform(0)
Shader 'Oculus/OVRMRCameraFrameLit': fallback shader 'Alpha-Diffuse' not found
Refreshing native plugins compatible for Editor in 0.56 ms, found 4 plugins.
Preloading 1 native plugins for Editor in 0.09 ms.
Unloading 1763 Unused Serialized files (Serialized files now loaded: 0)
System memory in use before: 89.2 MB.
System memory in use after: 89.2 MB.

Unloading 30 unused Assets to reduce memory usage. Loaded Objects now: 2381.
Total: 1.516500 ms (FindLiveObjects: 0.151900 ms CreateObjectMapping: 0.054600 ms MarkObjects: 1.267100 ms  DeleteObjects: 0.042100 ms)

AssetImportParameters requested are different than current active one (requested -> active):
  custom:graphics/normal-map-encoding: 01000000000000000000000000000000 -> 02000000000000000000000000000000
========================================================================
Received Prepare
Shader 'Oculus/OVRMRCameraFrameLit': fallback shader 'Alpha-Diffuse' not found
Refreshing native plugins compatible for Editor in 10.43 ms, found 4 plugins.
Preloading 1 native plugins for Editor in 0.08 ms.
Unloading 27 Unused Serialized files (Serialized files now loaded: 0)
System memory in use before: 56.0 MB.
System memory in use after: 56.1 MB.

Unloading 27 unused Assets to reduce memory usage. Loaded Objects now: 2381.
Total: 1.696200 ms (FindLiveObjects: 0.188900 ms CreateObjectMapping: 0.063000 ms MarkObjects: 1.384300 ms  DeleteObjects: 0.059200 ms)

========================================================================
Received Prepare
Registering precompiled user dll's ...
Registered in 0.004189 seconds.
Begin MonoManager ReloadAssembly
Native extension for WindowsStandalone target not found
Refreshing native plugins compatible for Editor in 0.57 ms, found 4 plugins.
Preloading 1 native plugins for Editor in 0.09 ms.
Mono: successfully reloaded assembly
- Completed reload, in  0.953 seconds
Platform modules already initialized, skipping
Switching build target platform(5) subTarget(0) extendedPlatform(0) -> platform(13) subTarget(524288) extendedPlatform(0)
Shader 'Oculus/OVRMRCameraFrameLit': fallback shader 'Alpha-Diffuse' not found
Refreshing native plugins compatible for Editor in 0.54 ms, found 4 plugins.
Preloading 1 native plugins for Editor in 0.09 ms.
Unloading 1763 Unused Serialized files (Serialized files now loaded: 0)
System memory in use before: 89.2 MB.
System memory in use after: 89.3 MB.

Unloading 30 unused Assets to reduce memory usage. Loaded Objects now: 2385.
Total: 1.621200 ms (FindLiveObjects: 0.186000 ms CreateObjectMapping: 0.054400 ms MarkObjects: 1.334700 ms  DeleteObjects: 0.045400 ms)

AssetImportParameters requested are different than current active one (requested -> active):
  custom:graphics/normal-map-encoding: 01000000000000000000000000000000 -> 02000000000000000000000000000000
========================================================================
Received Prepare
Registering precompiled user dll's ...
Registered in 0.003612 seconds.
Begin MonoManager ReloadAssembly
Native extension for WindowsStandalone target not found
Refreshing native plugins compatible for Editor in 0.55 ms, found 4 plugins.
Preloading 1 native plugins for Editor in 0.08 ms.
Mono: successfully reloaded assembly
- Completed reload, in  0.967 seconds
Platform modules already initialized, skipping
Switching build target platform(5) subTarget(0) extendedPlatform(0) -> platform(13) subTarget(524288) extendedPlatform(0)
Shader 'Oculus/OVRMRCameraFrameLit': fallback shader 'Alpha-Diffuse' not found
Refreshing native plugins compatible for Editor in 0.56 ms, found 4 plugins.
Preloading 1 native plugins for Editor in 0.08 ms.
Unloading 1763 Unused Serialized files (Serialized files now loaded: 0)
System memory in use before: 89.2 MB.
System memory in use after: 89.3 MB.

Unloading 30 unused Assets to reduce memory usage. Loaded Objects now: 2389.
Total: 1.572900 ms (FindLiveObjects: 0.151800 ms CreateObjectMapping: 0.051700 ms MarkObjects: 1.328000 ms  DeleteObjects: 0.040800 ms)

AssetImportParameters requested are different than current active one (requested -> active):
  custom:graphics/normal-map-encoding: 01000000000000000000000000000000 -> 02000000000000000000000000000000
========================================================================
Received Prepare
Shader 'Oculus/OVRMRCameraFrameLit': fallback shader 'Alpha-Diffuse' not found
Refreshing native plugins compatible for Editor in 10.58 ms, found 4 plugins.
Preloading 1 native plugins for Editor in 0.08 ms.
Unloading 27 Unused Serialized files (Serialized files now loaded: 0)
System memory in use before: 56.0 MB.
System memory in use after: 56.1 MB.

Unloading 27 unused Assets to reduce memory usage. Loaded Objects now: 2389.
Total: 1.781100 ms (FindLiveObjects: 0.209900 ms CreateObjectMapping: 0.079500 ms MarkObjects: 1.431000 ms  DeleteObjects: 0.059900 ms)

========================================================================
Received Prepare
Shader 'Oculus/OVRMRCameraFrameLit': fallback shader 'Alpha-Diffuse' not found
Refreshing native plugins compatible for Editor in 10.23 ms, found 4 plugins.
Preloading 1 native plugins for Editor in 0.08 ms.
Unloading 27 Unused Serialized files (Serialized files now loaded: 0)
System memory in use before: 56.0 MB.
System memory in use after: 56.1 MB.

Unloading 27 unused Assets to reduce memory usage. Loaded Objects now: 2389.
Total: 2.005800 ms (FindLiveObjects: 0.166400 ms CreateObjectMapping: 0.055200 ms MarkObjects: 1.728100 ms  DeleteObjects: 0.055600 ms)

========================================================================
Received Prepare
Shader 'Oculus/OVRMRCameraFrameLit': fallback shader 'Alpha-Diffuse' not found
Refreshing native plugins compatible for Editor in 10.16 ms, found 4 plugins.
Preloading 1 native plugins for Editor in 0.08 ms.
Unloading 27 Unused Serialized files (Serialized files now loaded: 0)
System memory in use before: 56.0 MB.
System memory in use after: 56.1 MB.

Unloading 27 unused Assets to reduce memory usage. Loaded Objects now: 2389.
Total: 1.633900 ms (FindLiveObjects: 0.182100 ms CreateObjectMapping: 0.061300 ms MarkObjects: 1.330100 ms  DeleteObjects: 0.059200 ms)

========================================================================
Received Import Request.
  Time since last request: 1461.210123 seconds.
  path: Assets/Sprites/Square.png
  artifactKey: Guid(20ab322278e93844abb028fff7558676) Importer(815301076,1909f56bfc062723c751e8b465ee728b)
Start importing Assets/Sprites/Square.png using Guid(20ab322278e93844abb028fff7558676) Importer(815301076,1909f56bfc062723c751e8b465ee728b)  -> (artifact id: '69928cbdd47250cbf4929e2bb88a2fc1') in 0.041348 seconds
  Import took 0.044205 seconds .

========================================================================
Received Import Request.
  Time since last request: 61.211583 seconds.
  path: Assets/img_colorWheel(Modified).png
  artifactKey: Guid(3af0d4e05c36d0543b4d77b3cfe967a6) Importer(815301076,1909f56bfc062723c751e8b465ee728b)
Start importing Assets/img_colorWheel(Modified).png using Guid(3af0d4e05c36d0543b4d77b3cfe967a6) Importer(815301076,1909f56bfc062723c751e8b465ee728b)  -> (artifact id: 'a3a7e8309efd8293ac76e13d9b9d35a3') in 0.012034 seconds
  Import took 0.014401 seconds .

========================================================================
Received Import Request.
  Time since last request: 6.783128 seconds.
  path: Assets/Sprites/img_colorWheel(Modified).png
  artifactKey: Guid(3af0d4e05c36d0543b4d77b3cfe967a6) Importer(815301076,1909f56bfc062723c751e8b465ee728b)
Start importing Assets/Sprites/img_colorWheel(Modified).png using Guid(3af0d4e05c36d0543b4d77b3cfe967a6) Importer(815301076,1909f56bfc062723c751e8b465ee728b)  -> (artifact id: '87b99717f4d778c6ff4714a23bee4669') in 0.011423 seconds
  Import took 0.013810 seconds .

========================================================================
Received Import Request.
  Time since last request: 10.016072 seconds.
  path: Assets/Sprites/img_colorWheel(Modified).png
  artifactKey: Guid(3af0d4e05c36d0543b4d77b3cfe967a6) Importer(815301076,1909f56bfc062723c751e8b465ee728b)
Start importing Assets/Sprites/img_colorWheel(Modified).png using Guid(3af0d4e05c36d0543b4d77b3cfe967a6) Importer(815301076,1909f56bfc062723c751e8b465ee728b)  -> (artifact id: '681e26de8f60e8c466b94d01d859d61c') in 0.011012 seconds
  Import took 0.013497 seconds .

========================================================================
Received Prepare
Shader 'Oculus/OVRMRCameraFrameLit': fallback shader 'Alpha-Diffuse' not found
Refreshing native plugins compatible for Editor in 10.20 ms, found 4 plugins.
Preloading 1 native plugins for Editor in 0.08 ms.
Unloading 27 Unused Serialized files (Serialized files now loaded: 0)
System memory in use before: 56.1 MB.
System memory in use after: 56.2 MB.

Unloading 27 unused Assets to reduce memory usage. Loaded Objects now: 2390.
Total: 2.537600 ms (FindLiveObjects: 0.173800 ms CreateObjectMapping: 0.059100 ms MarkObjects: 2.245500 ms  DeleteObjects: 0.058600 ms)

AssetImportWorkerClient::OnTransportError - code=2 error=End of file
